Log file open, 10/21/20 08:32:30
LogInit: Display: Running engine for game: TheBeeGame
LogPlatformFile: Not using cached read wrapper
LogTaskGraph: Started task graph with 5 named threads and 11 total threads with 3 sets of task threads.
LogStats: Stats thread started at 1.342023
LogD3D11RHI: Loaded GFSDK_Aftermath_Lib.x64.dll
LogICUInternationalization: ICU TimeZone Detection - Raw Offset: +5:30, Platform Override: ''
LogPluginManager: Mounting plugin Paper2D
LogPluginManager: Mounting plugin AISupport
LogPluginManager: Mounting plugin LightPropagationVolume
LogPluginManager: Mounting plugin CameraShakePreviewer
LogPluginManager: Mounting plugin ActorLayerUtilities
LogPluginManager: Mounting plugin AnimationSharing
LogPluginManager: Mounting plugin CLionSourceCodeAccess
LogPluginManager: Mounting plugin CodeLiteSourceCodeAccess
LogPluginManager: Mounting plugin GitSourceControl
LogPluginManager: Mounting plugin KDevelopSourceCodeAccess
LogPluginManager: Mounting plugin NullSourceCodeAccess
LogPluginManager: Mounting plugin PerforceSourceControl
LogPluginManager: Mounting plugin PlasticSourceControl
LogPluginManager: Mounting plugin RiderSourceCodeAccess
LogPluginManager: Mounting plugin SubversionSourceControl
LogPluginManager: Mounting plugin UObjectPlugin
LogPluginManager: Mounting plugin VisualStudioCodeSourceCodeAccess
LogPluginManager: Mounting plugin VisualStudioSourceCodeAccess
LogPluginManager: Mounting plugin XCodeSourceCodeAccess
LogPluginManager: Mounting plugin AssetManagerEditor
LogPluginManager: Mounting plugin CryptoKeys
LogPluginManager: Mounting plugin CurveEditorTools
LogPluginManager: Mounting plugin DataValidation
LogPluginManager: Mounting plugin EditorScriptingUtilities
LogPluginManager: Mounting plugin FacialAnimation
LogPluginManager: Mounting plugin GameplayTagsEditor
LogPluginManager: Mounting plugin GeometryMode
LogPluginManager: Mounting plugin MacGraphicsSwitching
LogPluginManager: Mounting plugin MaterialAnalyzer
LogPluginManager: Mounting plugin MobileLauncherProfileWizard
LogPluginManager: Mounting plugin PluginBrowser
LogPluginManager: Mounting plugin SpeedTreeImporter
LogPluginManager: Mounting plugin DatasmithContent
LogPluginManager: Mounting plugin VariantManagerContent
LogPluginManager: Mounting plugin AlembicImporter
LogPluginManager: Mounting plugin AutomationUtils
LogPluginManager: Mounting plugin BackChannel
LogPluginManager: Mounting plugin ChaosCloth
LogPluginManager: Mounting plugin ChaosClothEditor
LogPluginManager: Mounting plugin ChaosEditor
LogPluginManager: Mounting plugin ChaosNiagara
LogPluginManager: Mounting plugin ChaosSolverPlugin
LogPluginManager: Mounting plugin CharacterAI
LogPluginManager: Mounting plugin GeometryCache
LogPluginManager: Mounting plugin GeometryCollectionPlugin
LogPluginManager: Mounting plugin GeometryProcessing
LogPluginManager: Mounting plugin PlanarCut
LogPluginManager: Mounting plugin PlatformCrypto
LogPluginManager: Mounting plugin ProxyLODPlugin
LogPluginManager: Mounting plugin SkeletalReduction
LogPluginManager: Mounting plugin Niagara
LogPluginManager: Mounting plugin MagicLeap
LogPluginManager: Mounting plugin MagicLeapLightEstimation
LogPluginManager: Mounting plugin MagicLeapMedia
LogPluginManager: Mounting plugin MagicLeapPassableWorld
LogPluginManager: Mounting plugin MLSDK
LogPluginManager: Mounting plugin AndroidMedia
LogPluginManager: Mounting plugin AvfMedia
LogPluginManager: Mounting plugin ImgMedia
LogPluginManager: Mounting plugin MediaCompositing
LogPluginManager: Mounting plugin MediaPlayerEditor
LogPluginManager: Mounting plugin WebMMedia
LogPluginManager: Mounting plugin WmfMedia
LogPluginManager: Mounting plugin MeshPainting
LogPluginManager: Mounting plugin TcpMessaging
LogPluginManager: Mounting plugin UdpMessaging
LogPluginManager: Mounting plugin ActorSequence
LogPluginManager: Mounting plugin LevelSequenceEditor
LogPluginManager: Mounting plugin MatineeToLevelSequence
LogPluginManager: Mounting plugin MovieRenderPipeline
LogPluginManager: Mounting plugin TemplateSequence
LogPluginManager: Mounting plugin NetcodeUnitTest
LogPluginManager: Mounting plugin NUTUnrealEngine4
LogPluginManager: Mounting plugin OnlineSubsystemGooglePlay
LogPluginManager: Mounting plugin OnlineSubsystemIOS
LogPluginManager: Mounting plugin OnlineSubsystem
LogPluginManager: Mounting plugin OnlineSubsystemNull
LogPluginManager: Mounting plugin OnlineSubsystemUtils
LogPluginManager: Mounting plugin LauncherChunkInstaller
LogPluginManager: Mounting plugin AndroidDeviceProfileSelector
LogPluginManager: Mounting plugin AndroidMoviePlayer
LogPluginManager: Mounting plugin AndroidPermission
LogPluginManager: Mounting plugin AppleImageUtils
LogPluginManager: Mounting plugin AppleMoviePlayer
LogPluginManager: Mounting plugin ArchVisCharacter
LogPluginManager: Mounting plugin AssetTags
LogPluginManager: Mounting plugin AudioCapture
LogPluginManager: Mounting plugin CableComponent
LogPluginManager: Mounting plugin CustomMeshComponent
LogPluginManager: Mounting plugin EditableMesh
LogPluginManager: Mounting plugin ExampleDeviceProfileSelector
LogPluginManager: Mounting plugin GoogleCloudMessaging
LogPluginManager: Mounting plugin GooglePAD
LogPluginManager: Mounting plugin IOSDeviceProfileSelector
LogPluginManager: Mounting plugin LinuxDeviceProfileSelector
LogPluginManager: Mounting plugin LocationServicesBPLibrary
LogPluginManager: Mounting plugin MobilePatchingUtils
LogPluginManager: Mounting plugin OculusVR
LogPluginManager: Mounting plugin PhysXVehicles
LogPluginManager: Mounting plugin PostSplashScreen
LogPluginManager: Mounting plugin ProceduralMeshComponent
LogPluginManager: Mounting plugin RuntimePhysXCooking
LogPluginManager: Mounting plugin SignificanceManager
LogPluginManager: Mounting plugin SoundFields
LogPluginManager: Mounting plugin SteamVR
LogPluginManager: Mounting plugin Synthesis
LogPluginManager: Mounting plugin WebMMoviePlayer
LogPluginManager: Mounting plugin WindowsMoviePlayer
LogPluginManager: Mounting plugin ScreenshotTools
LogInit: Using libcurl 7.55.1-DEV
LogInit:  - built for x86_64-pc-win32
LogInit:  - supports SSL with OpenSSL/1.1.1
LogInit:  - supports HTTP deflate (compression) using libz 1.2.8
LogInit:  - other features:
LogInit:      CURL_VERSION_SSL
LogInit:      CURL_VERSION_LIBZ
LogInit:      CURL_VERSION_IPV6
LogInit:      CURL_VERSION_ASYNCHDNS
LogInit:      CURL_VERSION_LARGEFILE
LogInit:      CURL_VERSION_IDN
LogInit:  CurlRequestOptions (configurable via config and command line):
LogInit:  - bVerifyPeer = true  - Libcurl will verify peer certificate
LogInit:  - bUseHttpProxy = false  - Libcurl will NOT use HTTP proxy
LogInit:  - bDontReuseConnections = false  - Libcurl will reuse connections
LogInit:  - MaxHostConnections = 16  - Libcurl will limit the number of connections to a host
LogInit:  - LocalHostAddr = Default
LogInit:  - BufferSize = 65536
LogOnline: OSS: Creating online subsystem instance for: NULL
LogInit: WinSock: version 1.1 (2.2), MaxSocks=32767, MaxUdp=65467
LogOnline: OSS: TryLoadSubsystemAndSetDefault: Loaded subsystem for module [NULL]
LogInit: Build: ++UE4+Release-4.25-CL-13942748
LogInit: Engine Version: 4.25.3-13942748+++UE4+Release-4.25
LogInit: Compatible Engine Version: 4.25.0-13144385+++UE4+Release-4.25
LogInit: Net CL: 13144385
LogInit: OS: Windows 10 (Release 1903) (), CPU: Intel(R) Core(TM) i5-7200U CPU @ 2.50GHz, GPU: Intel(R) HD Graphics 620
LogInit: Compiled (64-bit): Jul 25 2020 02:07:48
LogInit: Compiled with Visual C++: 19.24.28315.00
LogInit: Build Configuration: Development
LogInit: Branch Name: ++UE4+Release-4.25
LogInit: Command Line: 
LogInit: Base Directory: C:/Program Files/Epic Games/UE_4.25/Engine/Binaries/Win64/
LogInit: Allocator: TBB
LogInit: Installed Engine Build: 1
LogDevObjectVersion: Number of dev versions registered: 26
LogDevObjectVersion:   Dev-Blueprints (B0D832E4-1F89-4F0D-ACCF-7EB736FD4AA2): 10
LogDevObjectVersion:   Dev-Build (E1C64328-A22C-4D53-A36C-8E866417BD8C): 0
LogDevObjectVersion:   Dev-Core (375EC13C-06E4-48FB-B500-84F0262A717E): 4
LogDevObjectVersion:   Dev-Editor (E4B068ED-F494-42E9-A231-DA0B2E46BB41): 38
LogDevObjectVersion:   Dev-Framework (CFFC743F-43B0-4480-9391-14DF171D2073): 37
LogDevObjectVersion:   Dev-Mobile (B02B49B5-BB20-44E9-A304-32B752E40360): 2
LogDevObjectVersion:   Dev-Networking (A4E4105C-59A1-49B5-A7C5-40C4547EDFEE): 0
LogDevObjectVersion:   Dev-Online (39C831C9-5AE6-47DC-9A44-9C173E1C8E7C): 0
LogDevObjectVersion:   Dev-Physics (78F01B33-EBEA-4F98-B9B4-84EACCB95AA2): 4
LogDevObjectVersion:   Dev-Platform (6631380F-2D4D-43E0-8009-CF276956A95A): 0
LogDevObjectVersion:   Dev-Rendering (12F88B9F-8875-4AFC-A67C-D90C383ABD29): 43
LogDevObjectVersion:   Dev-Sequencer (7B5AE74C-D270-4C10-A958-57980B212A5A): 12
LogDevObjectVersion:   Dev-VR (D7296918-1DD6-4BDD-9DE2-64A83CC13884): 3
LogDevObjectVersion:   Dev-LoadTimes (C2A15278-BFE7-4AFE-6C17-90FF531DF755): 1
LogDevObjectVersion:   Private-Geometry (6EACA3D4-40EC-4CC1-B786-8BED09428FC5): 3
LogDevObjectVersion:   Dev-AnimPhys (29E575DD-E0A3-4627-9D10-D276232CDCEA): 17
LogDevObjectVersion:   Dev-Anim (AF43A65D-7FD3-4947-9873-3E8ED9C1BB05): 7
LogDevObjectVersion:   Dev-ReflectionCapture (6B266CEC-1EC7-4B8F-A30B-E4D90942FC07): 1
LogDevObjectVersion:   Dev-Automation (0DF73D61-A23F-47EA-B727-89E90C41499A): 1
LogDevObjectVersion:   FortniteMain (601D1886-AC64-4F84-AA16-D3DE0DEAC7D6): 31
LogDevObjectVersion:   Dev-Enterprise (9DFFBCD6-494F-0158-E221-12823C92A888): 10
LogDevObjectVersion:   Dev-Niagara (F2AED0AC-9AFE-416F-8664-AA7FFA26D6FC): 1
LogDevObjectVersion:   Dev-Destruction (174F1F0B-B4C6-45A5-B13F-2EE8D0FB917D): 10
LogDevObjectVersion:   Dev-Physics-Ext (35F94A83-E258-406C-A318-09F59610247C): 37
LogDevObjectVersion:   Dev-PhysicsMaterial-Chaos (B68FC16E-8B1B-42E2-B453-215C058844FE): 1
LogDevObjectVersion:   Dev-CineCamera (B2E18506-4273-CFC2-A54E-F4BB758BBA07): 1
LogInit: Presizing for max 25165824 objects, including 0 objects not considered by GC, pre-allocating 0 bytes for permanent pool.
LogConfig: Applying CVar settings from Section [/Script/Engine.StreamingSettings] File [C:/Users/Mita Samanta/Documents/GitHub/Game-Design-3/TheBeeGame/TheBeeGame/Saved/Config/Windows/Engine.ini]
LogConfig: Setting CVar [[s.MinBulkDataSizeForAsyncLoading:131072]]
LogConfig: Setting CVar [[s.AsyncLoadingThreadEnabled:0]]
LogConfig: Setting CVar [[s.EventDrivenLoaderEnabled:1]]
LogConfig: Setting CVar [[s.WarnIfTimeLimitExceeded:0]]
LogConfig: Setting CVar [[s.TimeLimitExceededMultiplier:1.5]]
LogConfig: Setting CVar [[s.TimeLimitExceededMinTime:0.005]]
LogConfig: Setting CVar [[s.UseBackgroundLevelStreaming:1]]
LogConfig: Setting CVar [[s.PriorityAsyncLoadingExtraTime:15.0]]
LogConfig: Setting CVar [[s.LevelStreamingActorsUpdateTimeLimit:5.0]]
LogConfig: Setting CVar [[s.PriorityLevelStreamingActorsUpdateExtraTime:5.0]]
LogConfig: Setting CVar [[s.LevelStreamingComponentsRegistrationGranularity:10]]
LogConfig: Setting CVar [[s.UnregisterComponentsTimeLimit:1.0]]
LogConfig: Setting CVar [[s.LevelStreamingComponentsUnregistrationGranularity:5]]
LogConfig: Setting CVar [[s.FlushStreamingOnExit:1]]
LogInit: Object subsystem initialized
LogConfig: Setting CVar [[con.DebugEarlyDefault:1]]
LogConfig: Setting CVar [[r.setres:1280x720]]
[2020.10.21-03.02.30:990][  0]LogConfig: Setting CVar [[r.VSync:0]]
[2020.10.21-03.02.30:990][  0]LogConfig: Setting CVar [[r.RHICmdBypass:0]]
[2020.10.21-03.02.30:990][  0]LogConfig: Applying CVar settings from Section [/Script/Engine.RendererSettings] File [C:/Users/Mita Samanta/Documents/GitHub/Game-Design-3/TheBeeGame/TheBeeGame/Saved/Config/Windows/Engine.ini]
[2020.10.21-03.02.30:990][  0]LogConfig: Setting CVar [[r.GPUCrashDebugging:0]]
[2020.10.21-03.02.30:990][  0]LogConfig: Applying CVar settings from Section [/Script/Engine.RendererOverrideSettings] File [C:/Users/Mita Samanta/Documents/GitHub/Game-Design-3/TheBeeGame/TheBeeGame/Saved/Config/Windows/Engine.ini]
[2020.10.21-03.02.30:990][  0]LogConfig: Applying CVar settings from Section [/Script/Engine.StreamingSettings] File [C:/Users/Mita Samanta/Documents/GitHub/Game-Design-3/TheBeeGame/TheBeeGame/Saved/Config/Windows/Engine.ini]
[2020.10.21-03.02.30:990][  0]LogConfig: Setting CVar [[s.MinBulkDataSizeForAsyncLoading:131072]]
[2020.10.21-03.02.30:990][  0]LogConfig: Setting CVar [[s.AsyncLoadingThreadEnabled:0]]
[2020.10.21-03.02.30:990][  0]LogConfig: Setting CVar [[s.EventDrivenLoaderEnabled:1]]
[2020.10.21-03.02.30:990][  0]LogConfig: Setting CVar [[s.WarnIfTimeLimitExceeded:0]]
[2020.10.21-03.02.30:990][  0]LogConfig: Setting CVar [[s.TimeLimitExceededMultiplier:1.5]]
[2020.10.21-03.02.30:990][  0]LogConfig: Setting CVar [[s.TimeLimitExceededMinTime:0.005]]
[2020.10.21-03.02.30:990][  0]LogConfig: Setting CVar [[s.UseBackgroundLevelStreaming:1]]
[2020.10.21-03.02.30:990][  0]LogConfig: Setting CVar [[s.PriorityAsyncLoadingExtraTime:15.0]]
[2020.10.21-03.02.30:990][  0]LogConfig: Setting CVar [[s.LevelStreamingActorsUpdateTimeLimit:5.0]]
[2020.10.21-03.02.30:990][  0]LogConfig: Setting CVar [[s.PriorityLevelStreamingActorsUpdateExtraTime:5.0]]
[2020.10.21-03.02.30:990][  0]LogConfig: Setting CVar [[s.LevelStreamingComponentsRegistrationGranularity:10]]
[2020.10.21-03.02.30:990][  0]LogConfig: Setting CVar [[s.UnregisterComponentsTimeLimit:1.0]]
[2020.10.21-03.02.30:990][  0]LogConfig: Setting CVar [[s.LevelStreamingComponentsUnregistrationGranularity:5]]
[2020.10.21-03.02.30:990][  0]LogConfig: Setting CVar [[s.FlushStreamingOnExit:1]]
[2020.10.21-03.02.30:990][  0]LogConfig: Applying CVar settings from Section [/Script/Engine.GarbageCollectionSettings] File [C:/Users/Mita Samanta/Documents/GitHub/Game-Design-3/TheBeeGame/TheBeeGame/Saved/Config/Windows/Engine.ini]
[2020.10.21-03.02.30:990][  0]LogConfig: Setting CVar [[gc.MaxObjectsNotConsideredByGC:1]]
[2020.10.21-03.02.30:990][  0]LogConfig: Setting CVar [[gc.SizeOfPermanentObjectPool:0]]
[2020.10.21-03.02.30:990][  0]LogConfig: Setting CVar [[gc.FlushStreamingOnGC:0]]
[2020.10.21-03.02.30:990][  0]LogConfig: Setting CVar [[gc.NumRetriesBeforeForcingGC:10]]
[2020.10.21-03.02.30:990][  0]LogConfig: Setting CVar [[gc.AllowParallelGC:1]]
[2020.10.21-03.02.30:990][  0]LogConfig: Setting CVar [[gc.TimeBetweenPurgingPendingKillObjects:61.1]]
[2020.10.21-03.02.30:990][  0]LogConfig: Setting CVar [[gc.MaxObjectsInEditor:25165824]]
[2020.10.21-03.02.30:990][  0]LogConfig: Setting CVar [[gc.IncrementalBeginDestroyEnabled:1]]
[2020.10.21-03.02.30:990][  0]LogConfig: Setting CVar [[gc.CreateGCClusters:1]]
[2020.10.21-03.02.30:990][  0]LogConfig: Setting CVar [[gc.MinGCClusterSize:5]]
[2020.10.21-03.02.30:990][  0]LogConfig: Setting CVar [[gc.ActorClusteringEnabled:0]]
[2020.10.21-03.02.30:990][  0]LogConfig: Setting CVar [[gc.BlueprintClusteringEnabled:0]]
[2020.10.21-03.02.30:990][  0]LogConfig: Setting CVar [[gc.UseDisregardForGCOnDedicatedServers:0]]
[2020.10.21-03.02.30:990][  0]LogConfig: Applying CVar settings from Section [/Script/Engine.NetworkSettings] File [C:/Users/Mita Samanta/Documents/GitHub/Game-Design-3/TheBeeGame/TheBeeGame/Saved/Config/Windows/Engine.ini]
[2020.10.21-03.02.30:990][  0]LogConfig: Applying CVar settings from Section [/Script/UnrealEd.CookerSettings] File [C:/Users/Mita Samanta/Documents/GitHub/Game-Design-3/TheBeeGame/TheBeeGame/Saved/Config/Windows/Engine.ini]
[2020.10.21-03.02.30:993][  0]LogConfig: Applying CVar settings from Section [ViewDistanceQuality@3] File [C:/Users/Mita Samanta/Documents/GitHub/Game-Design-3/TheBeeGame/TheBeeGame/Saved/Config/Windows/Scalability.ini]
[2020.10.21-03.02.30:994][  0]LogConfig: Setting CVar [[r.SkeletalMeshLODBias:0]]
[2020.10.21-03.02.30:994][  0]LogConfig: Setting CVar [[r.ViewDistanceScale:1.0]]
[2020.10.21-03.02.30:994][  0]LogConfig: Applying CVar settings from Section [AntiAliasingQuality@3] File [C:/Users/Mita Samanta/Documents/GitHub/Game-Design-3/TheBeeGame/TheBeeGame/Saved/Config/Windows/Scalability.ini]
[2020.10.21-03.02.30:994][  0]LogConfig: Setting CVar [[r.PostProcessAAQuality:4]]
[2020.10.21-03.02.30:994][  0]LogConfig: Applying CVar settings from Section [ShadowQuality@3] File [C:/Users/Mita Samanta/Documents/GitHub/Game-Design-3/TheBeeGame/TheBeeGame/Saved/Config/Windows/Scalability.ini]
[2020.10.21-03.02.30:994][  0]LogConfig: Setting CVar [[r.LightFunctionQuality:1]]
[2020.10.21-03.02.30:994][  0]LogConfig: Setting CVar [[r.ShadowQuality:5]]
[2020.10.21-03.02.30:994][  0]LogConfig: Setting CVar [[r.Shadow.CSM.MaxCascades:10]]
[2020.10.21-03.02.30:994][  0]LogConfig: Setting CVar [[r.Shadow.MaxResolution:2048]]
[2020.10.21-03.02.30:994][  0]LogConfig: Setting CVar [[r.Shadow.MaxCSMResolution:2048]]
[2020.10.21-03.02.30:994][  0]LogConfig: Setting CVar [[r.Shadow.RadiusThreshold:0.01]]
[2020.10.21-03.02.30:994][  0]LogConfig: Setting CVar [[r.Shadow.DistanceScale:1.0]]
[2020.10.21-03.02.30:994][  0]LogConfig: Setting CVar [[r.Shadow.CSM.TransitionScale:1.0]]
[2020.10.21-03.02.30:994][  0]LogConfig: Setting CVar [[r.Shadow.PreShadowResolutionFactor:1.0]]
[2020.10.21-03.02.30:994][  0]LogConfig: Setting CVar [[r.DistanceFieldShadowing:1]]
[2020.10.21-03.02.30:994][  0]LogConfig: Setting CVar [[r.DistanceFieldAO:1]]
[2020.10.21-03.02.30:994][  0]LogConfig: Setting CVar [[r.AOQuality:2]]
[2020.10.21-03.02.30:994][  0]LogConfig: Setting CVar [[r.VolumetricFog:1]]
[2020.10.21-03.02.30:994][  0]LogConfig: Setting CVar [[r.VolumetricFog.GridPixelSize:8]]
[2020.10.21-03.02.30:994][  0]LogConfig: Setting CVar [[r.VolumetricFog.GridSizeZ:128]]
[2020.10.21-03.02.30:994][  0]LogConfig: Setting CVar [[r.VolumetricFog.HistoryMissSupersampleCount:4]]
[2020.10.21-03.02.30:994][  0]LogConfig: Setting CVar [[r.LightMaxDrawDistanceScale:1]]
[2020.10.21-03.02.30:994][  0]LogConfig: Setting CVar [[r.CapsuleShadows:1]]
[2020.10.21-03.02.30:994][  0]LogConfig: Applying CVar settings from Section [PostProcessQuality@3] File [C:/Users/Mita Samanta/Documents/GitHub/Game-Design-3/TheBeeGame/TheBeeGame/Saved/Config/Windows/Scalability.ini]
[2020.10.21-03.02.30:994][  0]LogConfig: Setting CVar [[r.MotionBlurQuality:4]]
[2020.10.21-03.02.30:994][  0]LogConfig: Setting CVar [[r.AmbientOcclusionMipLevelFactor:0.4]]
[2020.10.21-03.02.30:994][  0]LogConfig: Setting CVar [[r.AmbientOcclusionMaxQuality:100]]
[2020.10.21-03.02.30:994][  0]LogConfig: Setting CVar [[r.AmbientOcclusionLevels:-1]]
[2020.10.21-03.02.30:994][  0]LogConfig: Setting CVar [[r.AmbientOcclusionRadiusScale:1.0]]
[2020.10.21-03.02.30:994][  0]LogConfig: Setting CVar [[r.DepthOfFieldQuality:2]]
[2020.10.21-03.02.30:994][  0]LogConfig: Setting CVar [[r.RenderTargetPoolMin:400]]
[2020.10.21-03.02.30:994][  0]LogConfig: Setting CVar [[r.LensFlareQuality:2]]
[2020.10.21-03.02.30:994][  0]LogConfig: Setting CVar [[r.SceneColorFringeQuality:1]]
[2020.10.21-03.02.30:994][  0]LogConfig: Setting CVar [[r.EyeAdaptationQuality:2]]
[2020.10.21-03.02.30:994][  0]LogConfig: Setting CVar [[r.BloomQuality:5]]
[2020.10.21-03.02.30:994][  0]LogConfig: Setting CVar [[r.FastBlurThreshold:100]]
[2020.10.21-03.02.30:994][  0]LogConfig: Setting CVar [[r.Upscale.Quality:3]]
[2020.10.21-03.02.30:994][  0]LogConfig: Setting CVar [[r.Tonemapper.GrainQuantization:1]]
[2020.10.21-03.02.30:994][  0]LogConfig: Setting CVar [[r.LightShaftQuality:1]]
[2020.10.21-03.02.30:994][  0]LogConfig: Setting CVar [[r.Filter.SizeScale:1]]
[2020.10.21-03.02.30:994][  0]LogConfig: Setting CVar [[r.Tonemapper.Quality:5]]
[2020.10.21-03.02.30:994][  0]LogConfig: Setting CVar [[r.DOF.Gather.AccumulatorQuality:1        ; higher gathering accumulator quality]]
[2020.10.21-03.02.30:994][  0]LogConfig: Setting CVar [[r.DOF.Gather.PostfilterMethod:1          ; Median3x3 postfilering method]]
[2020.10.21-03.02.30:994][  0]LogConfig: Setting CVar [[r.DOF.Gather.EnableBokehSettings:0       ; no bokeh simulation when gathering]]
[2020.10.21-03.02.30:994][  0]LogConfig: Setting CVar [[r.DOF.Gather.RingCount:4                 ; medium number of samples when gathering]]
[2020.10.21-03.02.30:994][  0]LogConfig: Setting CVar [[r.DOF.Scatter.ForegroundCompositing:1    ; additive foreground scattering]]
[2020.10.21-03.02.30:994][  0]LogConfig: Setting CVar [[r.DOF.Scatter.BackgroundCompositing:2    ; additive background scattering]]
[2020.10.21-03.02.30:994][  0]LogConfig: Setting CVar [[r.DOF.Scatter.EnableBokehSettings:1      ; bokeh simulation when scattering]]
[2020.10.21-03.02.30:994][  0]LogConfig: Setting CVar [[r.DOF.Scatter.MaxSpriteRatio:0.1         ; only a maximum of 10% of scattered bokeh]]
[2020.10.21-03.02.30:994][  0]LogConfig: Setting CVar [[r.DOF.Recombine.Quality:1                ; cheap slight out of focus]]
[2020.10.21-03.02.30:994][  0]LogConfig: Setting CVar [[r.DOF.Recombine.EnableBokehSettings:0    ; no bokeh simulation on slight out of focus]]
[2020.10.21-03.02.30:994][  0]LogConfig: Setting CVar [[r.DOF.TemporalAAQuality:1                ; more stable temporal accumulation]]
[2020.10.21-03.02.30:995][  0]LogConfig: Setting CVar [[r.DOF.Kernel.MaxForegroundRadius:0.025]]
[2020.10.21-03.02.30:995][  0]LogConfig: Setting CVar [[r.DOF.Kernel.MaxBackgroundRadius:0.025]]
[2020.10.21-03.02.30:995][  0]LogConfig: Applying CVar settings from Section [TextureQuality@3] File [C:/Users/Mita Samanta/Documents/GitHub/Game-Design-3/TheBeeGame/TheBeeGame/Saved/Config/Windows/Scalability.ini]
[2020.10.21-03.02.30:995][  0]LogConfig: Setting CVar [[r.Streaming.MipBias:0]]
[2020.10.21-03.02.30:995][  0]LogConfig: Setting CVar [[r.Streaming.AmortizeCPUToGPUCopy:0]]
[2020.10.21-03.02.30:995][  0]LogConfig: Setting CVar [[r.Streaming.MaxNumTexturesToStreamPerFrame:0]]
[2020.10.21-03.02.30:995][  0]LogConfig: Setting CVar [[r.Streaming.Boost:1]]
[2020.10.21-03.02.30:995][  0]LogConfig: Setting CVar [[r.MaxAnisotropy:8]]
[2020.10.21-03.02.30:995][  0]LogConfig: Setting CVar [[r.VT.MaxAnisotropy:8]]
[2020.10.21-03.02.30:995][  0]LogConfig: Setting CVar [[r.Streaming.LimitPoolSizeToVRAM:0]]
[2020.10.21-03.02.30:995][  0]LogConfig: Setting CVar [[r.Streaming.PoolSize:1000]]
[2020.10.21-03.02.30:995][  0]LogConfig: Setting CVar [[r.Streaming.MaxEffectiveScreenSize:0]]
[2020.10.21-03.02.30:995][  0]LogConfig: Applying CVar settings from Section [EffectsQuality@3] File [C:/Users/Mita Samanta/Documents/GitHub/Game-Design-3/TheBeeGame/TheBeeGame/Saved/Config/Windows/Scalability.ini]
[2020.10.21-03.02.30:995][  0]LogConfig: Setting CVar [[r.TranslucencyLightingVolumeDim:64]]
[2020.10.21-03.02.30:995][  0]LogConfig: Setting CVar [[r.RefractionQuality:2]]
[2020.10.21-03.02.30:995][  0]LogConfig: Setting CVar [[r.SSR.Quality:3]]
[2020.10.21-03.02.30:995][  0]LogConfig: Setting CVar [[r.SSR.HalfResSceneColor:0]]
[2020.10.21-03.02.30:995][  0]LogConfig: Setting CVar [[r.SceneColorFormat:4]]
[2020.10.21-03.02.30:995][  0]LogConfig: Setting CVar [[r.DetailMode:2]]
[2020.10.21-03.02.30:995][  0]LogConfig: Setting CVar [[r.TranslucencyVolumeBlur:1]]
[2020.10.21-03.02.30:995][  0]LogConfig: Setting CVar [[r.MaterialQualityLevel:1 ; High quality]]
[2020.10.21-03.02.30:995][  0]LogConfig: Setting CVar [[r.SSS.Scale:1]]
[2020.10.21-03.02.30:995][  0]LogConfig: Setting CVar [[r.SSS.SampleSet:2]]
[2020.10.21-03.02.30:995][  0]LogConfig: Setting CVar [[r.SSS.Quality:1]]
[2020.10.21-03.02.30:995][  0]LogConfig: Setting CVar [[r.SSS.HalfRes:0]]
[2020.10.21-03.02.30:995][  0]LogConfig: Setting CVar [[r.SSGI.Quality:3]]
[2020.10.21-03.02.30:995][  0]LogConfig: Setting CVar [[r.EmitterSpawnRateScale:1.0]]
[2020.10.21-03.02.30:995][  0]LogConfig: Setting CVar [[r.ParticleLightQuality:2]]
[2020.10.21-03.02.30:995][  0]LogConfig: Setting CVar [[r.SkyAtmosphere.AerialPerspectiveLUT.FastApplyOnOpaque:1 ; Always have FastSkyLUT 1 in this case to avoid wrong sky]]
[2020.10.21-03.02.30:995][  0]LogConfig: Setting CVar [[r.SkyAtmosphere.AerialPerspectiveLUT.SampleCountPerSlice:1]]
[2020.10.21-03.02.30:995][  0]LogConfig: Setting CVar [[r.SkyAtmosphere.AerialPerspectiveLUT.DepthResolution:16.0]]
[2020.10.21-03.02.30:995][  0]LogConfig: Setting CVar [[r.SkyAtmosphere.FastSkyLUT:1]]
[2020.10.21-03.02.30:995][  0]LogConfig: Setting CVar [[r.SkyAtmosphere.FastSkyLUT.SampleCountMin:4.0]]
[2020.10.21-03.02.30:995][  0]LogConfig: Setting CVar [[r.SkyAtmosphere.FastSkyLUT.SampleCountMax:32.0]]
[2020.10.21-03.02.30:995][  0]LogConfig: Setting CVar [[r.SkyAtmosphere.SampleCountMin:4.0]]
[2020.10.21-03.02.30:995][  0]LogConfig: Setting CVar [[r.SkyAtmosphere.SampleCountMax:32.0]]
[2020.10.21-03.02.30:995][  0]LogConfig: Setting CVar [[r.SkyAtmosphere.TransmittanceLUT.UseSmallFormat:0]]
[2020.10.21-03.02.30:995][  0]LogConfig: Setting CVar [[r.SkyAtmosphere.TransmittanceLUT.SampleCount:10.0]]
[2020.10.21-03.02.30:995][  0]LogConfig: Setting CVar [[r.SkyAtmosphere.MultiScatteringLUT.SampleCount:15.0]]
[2020.10.21-03.02.30:995][  0]LogConfig: Applying CVar settings from Section [FoliageQuality@3] File [C:/Users/Mita Samanta/Documents/GitHub/Game-Design-3/TheBeeGame/TheBeeGame/Saved/Config/Windows/Scalability.ini]
[2020.10.21-03.02.30:995][  0]LogConfig: Setting CVar [[foliage.DensityScale:1.0]]
[2020.10.21-03.02.30:995][  0]LogConfig: Setting CVar [[grass.DensityScale:1.0]]
[2020.10.21-03.02.30:995][  0]LogConfig: Applying CVar settings from Section [ShadingQuality@3] File [C:/Users/Mita Samanta/Documents/GitHub/Game-Design-3/TheBeeGame/TheBeeGame/Saved/Config/Windows/Scalability.ini]
[2020.10.21-03.02.30:995][  0]LogConfig: Setting CVar [[r.HairStrands.SkyLighting.SampleCount:16]]
[2020.10.21-03.02.30:995][  0]LogConfig: Setting CVar [[r.HairStrands.SkyLighting.JitterIntegration:0]]
[2020.10.21-03.02.30:995][  0]LogConfig: Setting CVar [[r.HairStrands.SkyAO.SampleCount:16]]
[2020.10.21-03.02.30:995][  0]LogConfig: Setting CVar [[r.HairStrands.DeepShadow.SuperSampling:0]]
[2020.10.21-03.02.30:995][  0]LogConfig: Setting CVar [[r.HairStrands.VisibilityPPLL:0]]
[2020.10.21-03.02.30:996][  0]LogConfig: Setting CVar [[r.HairStrands.RasterizationScale:0.5]]
[2020.10.21-03.02.30:996][  0]LogConfig: Setting CVar [[r.HairStrands.VelocityRasterizationScale:1]]
[2020.10.21-03.02.30:996][  0]LogInit: Selected Device Profile: [Windows]
[2020.10.21-03.02.30:996][  0]LogInit: Applying CVar settings loaded from the selected device profile: [Windows]
[2020.10.21-03.02.30:996][  0]LogHAL: Display: Platform has ~ 8 GB [8425320448 / 8589934592 / 8], which maps to Default [LargestMinGB=32, LargerMinGB=12, DefaultMinGB=8, SmallerMinGB=6, SmallestMinGB=0)
[2020.10.21-03.02.30:996][  0]LogInit: Going up to parent DeviceProfile []
[2020.10.21-03.02.30:996][  0]LogConfig: Applying CVar settings from Section [ViewDistanceQuality@3] File [C:/Users/Mita Samanta/Documents/GitHub/Game-Design-3/TheBeeGame/TheBeeGame/Saved/Config/Windows/Scalability.ini]
[2020.10.21-03.02.30:996][  0]LogConfig: Setting CVar [[r.SkeletalMeshLODBias:0]]
[2020.10.21-03.02.30:996][  0]LogConfig: Setting CVar [[r.ViewDistanceScale:1.0]]
[2020.10.21-03.02.30:996][  0]LogConfig: Applying CVar settings from Section [AntiAliasingQuality@3] File [C:/Users/Mita Samanta/Documents/GitHub/Game-Design-3/TheBeeGame/TheBeeGame/Saved/Config/Windows/Scalability.ini]
[2020.10.21-03.02.30:996][  0]LogConfig: Setting CVar [[r.PostProcessAAQuality:4]]
[2020.10.21-03.02.30:996][  0]LogConfig: Applying CVar settings from Section [ShadowQuality@3] File [C:/Users/Mita Samanta/Documents/GitHub/Game-Design-3/TheBeeGame/TheBeeGame/Saved/Config/Windows/Scalability.ini]
[2020.10.21-03.02.30:996][  0]LogConfig: Setting CVar [[r.LightFunctionQuality:1]]
[2020.10.21-03.02.30:996][  0]LogConfig: Setting CVar [[r.ShadowQuality:5]]
[2020.10.21-03.02.30:996][  0]LogConfig: Setting CVar [[r.Shadow.CSM.MaxCascades:10]]
[2020.10.21-03.02.30:996][  0]LogConfig: Setting CVar [[r.Shadow.MaxResolution:2048]]
[2020.10.21-03.02.30:996][  0]LogConfig: Setting CVar [[r.Shadow.MaxCSMResolution:2048]]
[2020.10.21-03.02.30:996][  0]LogConfig: Setting CVar [[r.Shadow.RadiusThreshold:0.01]]
[2020.10.21-03.02.30:996][  0]LogConfig: Setting CVar [[r.Shadow.DistanceScale:1.0]]
[2020.10.21-03.02.30:996][  0]LogConfig: Setting CVar [[r.Shadow.CSM.TransitionScale:1.0]]
[2020.10.21-03.02.30:996][  0]LogConfig: Setting CVar [[r.Shadow.PreShadowResolutionFactor:1.0]]
[2020.10.21-03.02.30:996][  0]LogConfig: Setting CVar [[r.DistanceFieldShadowing:1]]
[2020.10.21-03.02.30:996][  0]LogConfig: Setting CVar [[r.DistanceFieldAO:1]]
[2020.10.21-03.02.30:996][  0]LogConfig: Setting CVar [[r.AOQuality:2]]
[2020.10.21-03.02.30:996][  0]LogConfig: Setting CVar [[r.VolumetricFog:1]]
[2020.10.21-03.02.30:996][  0]LogConfig: Setting CVar [[r.VolumetricFog.GridPixelSize:8]]
[2020.10.21-03.02.30:996][  0]LogConfig: Setting CVar [[r.VolumetricFog.GridSizeZ:128]]
[2020.10.21-03.02.30:996][  0]LogConfig: Setting CVar [[r.VolumetricFog.HistoryMissSupersampleCount:4]]
[2020.10.21-03.02.30:996][  0]LogConfig: Setting CVar [[r.LightMaxDrawDistanceScale:1]]
[2020.10.21-03.02.30:996][  0]LogConfig: Setting CVar [[r.CapsuleShadows:1]]
[2020.10.21-03.02.30:996][  0]LogConfig: Applying CVar settings from Section [PostProcessQuality@3] File [C:/Users/Mita Samanta/Documents/GitHub/Game-Design-3/TheBeeGame/TheBeeGame/Saved/Config/Windows/Scalability.ini]
[2020.10.21-03.02.30:996][  0]LogConfig: Setting CVar [[r.MotionBlurQuality:4]]
[2020.10.21-03.02.30:996][  0]LogConfig: Setting CVar [[r.AmbientOcclusionMipLevelFactor:0.4]]
[2020.10.21-03.02.30:996][  0]LogConfig: Setting CVar [[r.AmbientOcclusionMaxQuality:100]]
[2020.10.21-03.02.30:996][  0]LogConfig: Setting CVar [[r.AmbientOcclusionLevels:-1]]
[2020.10.21-03.02.30:996][  0]LogConfig: Setting CVar [[r.AmbientOcclusionRadiusScale:1.0]]
[2020.10.21-03.02.30:996][  0]LogConfig: Setting CVar [[r.DepthOfFieldQuality:2]]
[2020.10.21-03.02.30:996][  0]LogConfig: Setting CVar [[r.RenderTargetPoolMin:400]]
[2020.10.21-03.02.30:996][  0]LogConfig: Setting CVar [[r.LensFlareQuality:2]]
[2020.10.21-03.02.30:996][  0]LogConfig: Setting CVar [[r.SceneColorFringeQuality:1]]
[2020.10.21-03.02.30:996][  0]LogConfig: Setting CVar [[r.EyeAdaptationQuality:2]]
[2020.10.21-03.02.30:997][  0]LogConfig: Setting CVar [[r.BloomQuality:5]]
[2020.10.21-03.02.30:997][  0]LogConfig: Setting CVar [[r.FastBlurThreshold:100]]
[2020.10.21-03.02.30:997][  0]LogConfig: Setting CVar [[r.Upscale.Quality:3]]
[2020.10.21-03.02.30:997][  0]LogConfig: Setting CVar [[r.Tonemapper.GrainQuantization:1]]
[2020.10.21-03.02.30:997][  0]LogConfig: Setting CVar [[r.LightShaftQuality:1]]
[2020.10.21-03.02.30:997][  0]LogConfig: Setting CVar [[r.Filter.SizeScale:1]]
[2020.10.21-03.02.30:997][  0]LogConfig: Setting CVar [[r.Tonemapper.Quality:5]]
[2020.10.21-03.02.30:997][  0]LogConfig: Setting CVar [[r.DOF.Gather.AccumulatorQuality:1        ; higher gathering accumulator quality]]
[2020.10.21-03.02.30:997][  0]LogConfig: Setting CVar [[r.DOF.Gather.PostfilterMethod:1          ; Median3x3 postfilering method]]
[2020.10.21-03.02.30:997][  0]LogConfig: Setting CVar [[r.DOF.Gather.EnableBokehSettings:0       ; no bokeh simulation when gathering]]
[2020.10.21-03.02.30:997][  0]LogConfig: Setting CVar [[r.DOF.Gather.RingCount:4                 ; medium number of samples when gathering]]
[2020.10.21-03.02.30:997][  0]LogConfig: Setting CVar [[r.DOF.Scatter.ForegroundCompositing:1    ; additive foreground scattering]]
[2020.10.21-03.02.30:997][  0]LogConfig: Setting CVar [[r.DOF.Scatter.BackgroundCompositing:2    ; additive background scattering]]
[2020.10.21-03.02.30:997][  0]LogConfig: Setting CVar [[r.DOF.Scatter.EnableBokehSettings:1      ; bokeh simulation when scattering]]
[2020.10.21-03.02.30:997][  0]LogConfig: Setting CVar [[r.DOF.Scatter.MaxSpriteRatio:0.1         ; only a maximum of 10% of scattered bokeh]]
[2020.10.21-03.02.30:997][  0]LogConfig: Setting CVar [[r.DOF.Recombine.Quality:1                ; cheap slight out of focus]]
[2020.10.21-03.02.30:997][  0]LogConfig: Setting CVar [[r.DOF.Recombine.EnableBokehSettings:0    ; no bokeh simulation on slight out of focus]]
[2020.10.21-03.02.30:997][  0]LogConfig: Setting CVar [[r.DOF.TemporalAAQuality:1                ; more stable temporal accumulation]]
[2020.10.21-03.02.30:997][  0]LogConfig: Setting CVar [[r.DOF.Kernel.MaxForegroundRadius:0.025]]
[2020.10.21-03.02.30:997][  0]LogConfig: Setting CVar [[r.DOF.Kernel.MaxBackgroundRadius:0.025]]
[2020.10.21-03.02.30:997][  0]LogConfig: Applying CVar settings from Section [TextureQuality@3] File [C:/Users/Mita Samanta/Documents/GitHub/Game-Design-3/TheBeeGame/TheBeeGame/Saved/Config/Windows/Scalability.ini]
[2020.10.21-03.02.30:997][  0]LogConfig: Setting CVar [[r.Streaming.MipBias:0]]
[2020.10.21-03.02.30:997][  0]LogConfig: Setting CVar [[r.Streaming.AmortizeCPUToGPUCopy:0]]
[2020.10.21-03.02.30:997][  0]LogConfig: Setting CVar [[r.Streaming.MaxNumTexturesToStreamPerFrame:0]]
[2020.10.21-03.02.30:997][  0]LogConfig: Setting CVar [[r.Streaming.Boost:1]]
[2020.10.21-03.02.30:997][  0]LogConfig: Setting CVar [[r.MaxAnisotropy:8]]
[2020.10.21-03.02.30:997][  0]LogConfig: Setting CVar [[r.VT.MaxAnisotropy:8]]
[2020.10.21-03.02.30:997][  0]LogConfig: Setting CVar [[r.Streaming.LimitPoolSizeToVRAM:0]]
[2020.10.21-03.02.30:997][  0]LogConfig: Setting CVar [[r.Streaming.PoolSize:1000]]
[2020.10.21-03.02.30:997][  0]LogConfig: Setting CVar [[r.Streaming.MaxEffectiveScreenSize:0]]
[2020.10.21-03.02.30:997][  0]LogConfig: Applying CVar settings from Section [EffectsQuality@3] File [C:/Users/Mita Samanta/Documents/GitHub/Game-Design-3/TheBeeGame/TheBeeGame/Saved/Config/Windows/Scalability.ini]
[2020.10.21-03.02.30:997][  0]LogConfig: Setting CVar [[r.TranslucencyLightingVolumeDim:64]]
[2020.10.21-03.02.30:997][  0]LogConfig: Setting CVar [[r.RefractionQuality:2]]
[2020.10.21-03.02.30:997][  0]LogConfig: Setting CVar [[r.SSR.Quality:3]]
[2020.10.21-03.02.30:997][  0]LogConfig: Setting CVar [[r.SSR.HalfResSceneColor:0]]
[2020.10.21-03.02.30:997][  0]LogConfig: Setting CVar [[r.SceneColorFormat:4]]
[2020.10.21-03.02.30:997][  0]LogConfig: Setting CVar [[r.DetailMode:2]]
[2020.10.21-03.02.30:997][  0]LogConfig: Setting CVar [[r.TranslucencyVolumeBlur:1]]
[2020.10.21-03.02.30:997][  0]LogConfig: Setting CVar [[r.MaterialQualityLevel:1 ; High quality]]
[2020.10.21-03.02.30:997][  0]LogConfig: Setting CVar [[r.SSS.Scale:1]]
[2020.10.21-03.02.30:997][  0]LogConfig: Setting CVar [[r.SSS.SampleSet:2]]
[2020.10.21-03.02.30:997][  0]LogConfig: Setting CVar [[r.SSS.Quality:1]]
[2020.10.21-03.02.30:997][  0]LogConfig: Setting CVar [[r.SSS.HalfRes:0]]
[2020.10.21-03.02.30:997][  0]LogConfig: Setting CVar [[r.SSGI.Quality:3]]
[2020.10.21-03.02.30:997][  0]LogConfig: Setting CVar [[r.EmitterSpawnRateScale:1.0]]
[2020.10.21-03.02.30:997][  0]LogConfig: Setting CVar [[r.ParticleLightQuality:2]]
[2020.10.21-03.02.30:997][  0]LogConfig: Setting CVar [[r.SkyAtmosphere.AerialPerspectiveLUT.FastApplyOnOpaque:1 ; Always have FastSkyLUT 1 in this case to avoid wrong sky]]
[2020.10.21-03.02.30:997][  0]LogConfig: Setting CVar [[r.SkyAtmosphere.AerialPerspectiveLUT.SampleCountPerSlice:1]]
[2020.10.21-03.02.30:997][  0]LogConfig: Setting CVar [[r.SkyAtmosphere.AerialPerspectiveLUT.DepthResolution:16.0]]
[2020.10.21-03.02.30:997][  0]LogConfig: Setting CVar [[r.SkyAtmosphere.FastSkyLUT:1]]
[2020.10.21-03.02.30:997][  0]LogConfig: Setting CVar [[r.SkyAtmosphere.FastSkyLUT.SampleCountMin:4.0]]
[2020.10.21-03.02.30:997][  0]LogConfig: Setting CVar [[r.SkyAtmosphere.FastSkyLUT.SampleCountMax:32.0]]
[2020.10.21-03.02.30:997][  0]LogConfig: Setting CVar [[r.SkyAtmosphere.SampleCountMin:4.0]]
[2020.10.21-03.02.30:997][  0]LogConfig: Setting CVar [[r.SkyAtmosphere.SampleCountMax:32.0]]
[2020.10.21-03.02.30:997][  0]LogConfig: Setting CVar [[r.SkyAtmosphere.TransmittanceLUT.UseSmallFormat:0]]
[2020.10.21-03.02.30:997][  0]LogConfig: Setting CVar [[r.SkyAtmosphere.TransmittanceLUT.SampleCount:10.0]]
[2020.10.21-03.02.30:998][  0]LogConfig: Setting CVar [[r.SkyAtmosphere.MultiScatteringLUT.SampleCount:15.0]]
[2020.10.21-03.02.30:998][  0]LogConfig: Applying CVar settings from Section [FoliageQuality@3] File [C:/Users/Mita Samanta/Documents/GitHub/Game-Design-3/TheBeeGame/TheBeeGame/Saved/Config/Windows/Scalability.ini]
[2020.10.21-03.02.30:998][  0]LogConfig: Setting CVar [[foliage.DensityScale:1.0]]
[2020.10.21-03.02.30:998][  0]LogConfig: Setting CVar [[grass.DensityScale:1.0]]
[2020.10.21-03.02.30:998][  0]LogConfig: Applying CVar settings from Section [ShadingQuality@3] File [C:/Users/Mita Samanta/Documents/GitHub/Game-Design-3/TheBeeGame/TheBeeGame/Saved/Config/Windows/Scalability.ini]
[2020.10.21-03.02.30:998][  0]LogConfig: Setting CVar [[r.HairStrands.SkyLighting.SampleCount:16]]
[2020.10.21-03.02.30:998][  0]LogConfig: Setting CVar [[r.HairStrands.SkyLighting.JitterIntegration:0]]
[2020.10.21-03.02.30:998][  0]LogConfig: Setting CVar [[r.HairStrands.SkyAO.SampleCount:16]]
[2020.10.21-03.02.30:998][  0]LogConfig: Setting CVar [[r.HairStrands.DeepShadow.SuperSampling:0]]
[2020.10.21-03.02.30:998][  0]LogConfig: Setting CVar [[r.HairStrands.VisibilityPPLL:0]]
[2020.10.21-03.02.30:998][  0]LogConfig: Setting CVar [[r.HairStrands.RasterizationScale:0.5]]
[2020.10.21-03.02.30:998][  0]LogConfig: Setting CVar [[r.HairStrands.VelocityRasterizationScale:1]]
[2020.10.21-03.02.30:998][  0]LogConfig: Applying CVar settings from Section [Startup] File [../../../Engine/Config/ConsoleVariables.ini]
[2020.10.21-03.02.30:998][  0]LogConfig: Setting CVar [[net.UseAdaptiveNetUpdateFrequency:0]]
[2020.10.21-03.02.30:998][  0]LogConfig: Setting CVar [[p.chaos.AllowCreatePhysxBodies:1]]
[2020.10.21-03.02.30:998][  0]LogConfig: Setting CVar [[fx.SkipVectorVMBackendOptimizations:1]]
[2020.10.21-03.02.30:998][  0]LogConfig: Applying CVar settings from Section [ConsoleVariables] File [C:/Users/Mita Samanta/Documents/GitHub/Game-Design-3/TheBeeGame/TheBeeGame/Saved/Config/Windows/Engine.ini]
[2020.10.21-03.02.30:998][  0]LogInit: Computer: DESKTOP-V4R14R6
[2020.10.21-03.02.30:998][  0]LogInit: User: MitaSamanta
[2020.10.21-03.02.30:998][  0]LogInit: CPU Page size=4096, Cores=2
[2020.10.21-03.02.30:998][  0]LogInit: High frequency timer resolution =10.000000 MHz
[2020.10.21-03.02.30:999][  0]LogMemory: Memory total: Physical=7.8GB (8GB approx)
[2020.10.21-03.02.30:999][  0]LogMemory: Platform Memory Stats for Windows
[2020.10.21-03.02.30:999][  0]LogMemory: Process Physical Memory: 114.52 MB used, 114.53 MB peak
[2020.10.21-03.02.30:999][  0]LogMemory: Process Virtual Memory: 97.11 MB used, 97.11 MB peak
[2020.10.21-03.02.30:999][  0]LogMemory: Physical Memory: 6319.66 MB used,  1715.35 MB free, 8035.01 MB total
[2020.10.21-03.02.30:999][  0]LogMemory: Virtual Memory: 5124.78 MB used,  134212600.00 MB free, 134217728.00 MB total
[2020.10.21-03.02.31:006][  0]LogWindows: WindowsPlatformFeatures enabled
[2020.10.21-03.02.31:047][  0]LogInit: Physics initialised using underlying interface: PhysX
[2020.10.21-03.02.31:047][  0]LogInit: Using OS detected language (en-US).
[2020.10.21-03.02.31:047][  0]LogInit: Using OS detected locale (en-IN).
[2020.10.21-03.02.31:052][  0]LogTextLocalizationManager: No specific localization for 'en-US' exists, so the 'en' localization will be used.
[2020.10.21-03.02.31:279][  0]LogInit: Setting process to per monitor DPI aware
[2020.10.21-03.02.31:316][  0]LogSlate: New Slate User Created.  User Index 0, Is Virtual User: 0
[2020.10.21-03.02.31:316][  0]LogSlate: Slate User Registered.  User Index 0, Is Virtual User: 0
[2020.10.21-03.02.31:469][  0]LogHMD: Failed to initialize OpenVR with code 110
[2020.10.21-03.02.31:469][  0]LogD3D11RHI: D3D11 min allowed feature level: 11_0
[2020.10.21-03.02.31:469][  0]LogD3D11RHI: D3D11 max allowed feature level: 11_0
[2020.10.21-03.02.31:469][  0]LogD3D11RHI: D3D11 adapters:
[2020.10.21-03.02.32:051][  0]LogD3D11RHI:    0. 'AMD Radeon (TM) R5 M430' (Feature Level 11_0)
[2020.10.21-03.02.32:051][  0]LogD3D11RHI:       2039/0/4017 MB DedicatedVideo/DedicatedSystem/SharedSystem, Outputs:0, VendorId:0x1002
[2020.10.21-03.02.32:060][  0]LogD3D11RHI:    1. 'Intel(R) HD Graphics 620' (Feature Level 11_0)
[2020.10.21-03.02.32:060][  0]LogD3D11RHI:       128/0/4017 MB DedicatedVideo/DedicatedSystem/SharedSystem, Outputs:1, VendorId:0x8086
[2020.10.21-03.02.32:063][  0]LogD3D11RHI:    2. 'Microsoft Basic Render Driver' (Feature Level 11_0)
[2020.10.21-03.02.32:063][  0]LogD3D11RHI:       0/0/4017 MB DedicatedVideo/DedicatedSystem/SharedSystem, Outputs:0, VendorId:0x1414
[2020.10.21-03.02.32:063][  0]LogD3D11RHI: Chosen D3D11 Adapter: 0
[2020.10.21-03.02.32:071][  0]LogD3D11RHI: Creating new Direct3DDevice
[2020.10.21-03.02.32:071][  0]LogD3D11RHI:     GPU DeviceId: 0x6660 (for the marketing name, search the web for "GPU Device Id")
[2020.10.21-03.02.32:071][  0]LogWindows: EnumDisplayDevices:
[2020.10.21-03.02.32:072][  0]LogWindows:    0. 'Intel(R) HD Graphics 620' (P:1 D:1)
[2020.10.21-03.02.32:072][  0]LogWindows:    1. 'Intel(R) HD Graphics 620' (P:0 D:0)
[2020.10.21-03.02.32:073][  0]LogWindows:    2. 'Intel(R) HD Graphics 620' (P:0 D:0)
[2020.10.21-03.02.32:073][  0]LogWindows: DebugString: PrimaryIsNotTheChoosenAdapter PrimaryIsNotTheChoosenAdapter PrimaryIsNotTheChoosenAdapter FoundDriverCount:0 
[2020.10.21-03.02.32:073][  0]LogD3D11RHI:     Adapter Name: AMD Radeon (TM) R5 M430
[2020.10.21-03.02.32:073][  0]LogD3D11RHI:   Driver Version: Unknown (internal:Unknown, unified:Unknown)
[2020.10.21-03.02.32:073][  0]LogD3D11RHI:      Driver Date: Unknown
[2020.10.21-03.02.32:073][  0]LogRHI: Texture pool is 2531 MB (70% of 3615 MB)
[2020.10.21-03.02.32:097][  0]LogD3D11RHI: RHI does not have support for 64 bit atomics
[2020.10.21-03.02.32:097][  0]LogD3D11RHI: Async texture creation enabled
[2020.10.21-03.02.32:097][  0]LogD3D11RHI: Array index from any shader is supported
[2020.10.21-03.02.32:111][  0]LogD3D11RHI: GPU Timing Frequency: 12.000000 (Debug: 2 0)
[2020.10.21-03.02.32:587][  0]LogTargetPlatformManager: Display: Loaded TargetPlatform 'AllDesktop'
[2020.10.21-03.02.32:612][  0]LogTargetPlatformManager: Display: Loaded TargetPlatform 'Android'
[2020.10.21-03.02.32:612][  0]LogTargetPlatformManager: Display: Loaded TargetPlatform 'Android_ASTC'
[2020.10.21-03.02.32:612][  0]LogTargetPlatformManager: Display: Loaded TargetPlatform 'Android_DXT'
[2020.10.21-03.02.32:612][  0]LogTargetPlatformManager: Display: Loaded TargetPlatform 'Android_ETC2'
[2020.10.21-03.02.32:612][  0]LogTargetPlatformManager: Display: Loaded TargetPlatform 'AndroidClient'
[2020.10.21-03.02.32:612][  0]LogTargetPlatformManager: Display: Loaded TargetPlatform 'Android_ASTCClient'
[2020.10.21-03.02.32:612][  0]LogTargetPlatformManager: Display: Loaded TargetPlatform 'Android_DXTClient'
[2020.10.21-03.02.32:612][  0]LogTargetPlatformManager: Display: Loaded TargetPlatform 'Android_ETC2Client'
[2020.10.21-03.02.32:612][  0]LogTargetPlatformManager: Display: Loaded TargetPlatform 'Android_Multi'
[2020.10.21-03.02.32:612][  0]LogTargetPlatformManager: Display: Loaded TargetPlatform 'Android_MultiClient'
[2020.10.21-03.02.32:637][  0]LogTargetPlatformManager: Display: Loaded TargetPlatform 'IOSClient'
[2020.10.21-03.02.32:637][  0]LogTargetPlatformManager: Display: Loaded TargetPlatform 'IOS'
[2020.10.21-03.02.32:649][  0]LogTargetPlatformManager: Display: Loaded TargetPlatform 'Linux'
[2020.10.21-03.02.32:659][  0]LogTargetPlatformManager: Display: Loaded TargetPlatform 'LinuxNoEditor'
[2020.10.21-03.02.32:672][  0]LogTargetPlatformManager: Display: Loaded TargetPlatform 'LinuxClient'
[2020.10.21-03.02.32:690][  0]LogTargetPlatformManager: Display: Loaded TargetPlatform 'LinuxServer'
[2020.10.21-03.02.32:708][  0]LogTargetPlatformManager: Display: Loaded TargetPlatform 'LinuxAArch64NoEditor'
[2020.10.21-03.02.32:727][  0]LogTargetPlatformManager: Display: Loaded TargetPlatform 'LinuxAArch64Client'
[2020.10.21-03.02.32:745][  0]LogTargetPlatformManager: Display: Loaded TargetPlatform 'LinuxAArch64Server'
[2020.10.21-03.02.32:807][  0]LogTargetPlatformManager: Display: Loaded TargetPlatform 'Lumin'
[2020.10.21-03.02.32:807][  0]LogTargetPlatformManager: Display: Loaded TargetPlatform 'LuminClient'
[2020.10.21-03.02.32:842][  0]LogTargetPlatformManager: Display: Loaded TargetPlatform 'TVOSClient'
[2020.10.21-03.02.32:842][  0]LogTargetPlatformManager: Display: Loaded TargetPlatform 'TVOS'
[2020.10.21-03.02.32:861][  0]LogTargetPlatformManager: Display: Loaded TargetPlatform 'WindowsNoEditor'
[2020.10.21-03.02.32:879][  0]LogTargetPlatformManager: Display: Loaded TargetPlatform 'Windows'
[2020.10.21-03.02.32:895][  0]LogTargetPlatformManager: Display: Loaded TargetPlatform 'WindowsClient'
[2020.10.21-03.02.32:913][  0]LogTargetPlatformManager: Display: Loaded TargetPlatform 'WindowsServer'
[2020.10.21-03.02.32:913][  0]LogTargetPlatformManager: Display: Building Assets For Windows
[2020.10.21-03.02.32:927][  0]LogAudioDebug: Display: Lib vorbis DLL was dynamically loaded.
[2020.10.21-03.02.33:036][  0]LogShaderCompilers: Guid format shader working directory is -61 characters bigger than the processId version (../../../../../../Users/Mita Samanta/Documents/GitHub/Game-Design-3/TheBeeGame/TheBeeGame/Intermediate/Shaders/WorkingDirectory/6044/).
[2020.10.21-03.02.33:036][  0]LogShaderCompilers: Cleaned the shader compiler working directory 'C:/Windows/Temp/UnrealShaderWorkingDir/17DABBB44C1359C384F28E8F0060CEB1/'.
[2020.10.21-03.02.33:037][  0]LogXGEController: Cannot use XGE Controller as Incredibuild is not installed on this machine.
[2020.10.21-03.02.33:037][  0]LogShaderCompilers: Cannot use XGE Shader Compiler as Incredibuild is not installed on this machine.
[2020.10.21-03.02.33:037][  0]LogShaderCompilers: Display: Using Local Shader Compiler.
[2020.10.21-03.02.34:599][  0]LogDerivedDataCache: Display: Max Cache Size: 512 MB
[2020.10.21-03.02.34:671][  0]LogDerivedDataCache: Loaded boot cache 0.07s 76MB C:/Users/Mita Samanta/AppData/Local/UnrealEngine/4.25/DerivedDataCache/Boot.ddc.
[2020.10.21-03.02.34:671][  0]LogDerivedDataCache: Display: Loaded Boot cache: C:/Users/Mita Samanta/AppData/Local/UnrealEngine/4.25/DerivedDataCache/Boot.ddc
[2020.10.21-03.02.34:672][  0]LogDerivedDataCache: FDerivedDataBackendGraph:  Pak pak cache file ../../../../../../Users/Mita Samanta/Documents/GitHub/Game-Design-3/TheBeeGame/TheBeeGame/DerivedDataCache/DDC.ddp not found, will not use a pak cache.
[2020.10.21-03.02.34:672][  0]LogDerivedDataCache: Unable to find inner node Pak for hierarchical cache Hierarchy.
[2020.10.21-03.02.34:672][  0]LogDerivedDataCache: FDerivedDataBackendGraph:  CompressedPak pak cache file ../../../../../../Users/Mita Samanta/Documents/GitHub/Game-Design-3/TheBeeGame/TheBeeGame/DerivedDataCache/Compressed.ddp not found, will not use a pak cache.
[2020.10.21-03.02.34:672][  0]LogDerivedDataCache: Unable to find inner node CompressedPak for hierarchical cache Hierarchy.
[2020.10.21-03.02.34:684][  0]LogDerivedDataCache: Display: Pak cache opened for reading ../../../Engine/DerivedDataCache/Compressed.ddp.
[2020.10.21-03.02.34:684][  0]LogDerivedDataCache: FDerivedDataBackendGraph:  EnterprisePak pak cache file ../../../Enterprise/DerivedDataCache/Compressed.ddp not found, will not use a pak cache.
[2020.10.21-03.02.34:684][  0]LogDerivedDataCache: Unable to find inner node EnterprisePak for hierarchical cache Hierarchy.
[2020.10.21-03.02.34:686][  0]LogDerivedDataCache: Using Local data cache path C:/Users/Mita Samanta/AppData/Local/UnrealEngine/Common/DerivedDataCache: Writable
[2020.10.21-03.02.34:686][  0]LogDerivedDataCache: Shared data cache path not found in *engine.ini, will not use an Shared cache.
[2020.10.21-03.02.34:686][  0]LogDerivedDataCache: Unable to find inner node Shared for hierarchical cache Hierarchy.
[2020.10.21-03.02.34:757][  0]LogSlate: Using FreeType 2.10.0
[2020.10.21-03.02.34:757][  0]LogSlate: SlateFontServices - WITH_FREETYPE: 1, WITH_HARFBUZZ: 1
[2020.10.21-03.02.34:797][  0]LogAssetRegistry: FAssetRegistry took 0.0028 seconds to start up
[2020.10.21-03.02.35:087][  0]LogInit: Selected Device Profile: [Windows]
[2020.10.21-03.02.35:224][  0]LogMeshReduction: Using QuadricMeshReduction for automatic static mesh reduction
[2020.10.21-03.02.35:224][  0]LogMeshReduction: Using SimplygonMeshReduction for automatic skeletal mesh reduction
[2020.10.21-03.02.35:224][  0]LogMeshReduction: Using ProxyLODMeshReduction for automatic mesh merging
[2020.10.21-03.02.35:224][  0]LogMeshReduction: No distributed automatic mesh merging module available
[2020.10.21-03.02.35:224][  0]LogMeshMerging: No distributed automatic mesh merging module available
[2020.10.21-03.02.35:242][  0]LogNetVersion: TheBeeGame 1.0.0, NetCL: 13144385, EngineNetVer: 14, GameNetVer: 0 (Checksum: 2080037946)
[2020.10.21-03.02.35:875][  0]LogAISub: UAISubsystem::UAISubsystem AISubsystem (000002DD3AF9AAC0), frame # 0
[2020.10.21-03.02.35:875][  0]LogAISub: UAISubsystem::UAISubsystem AIPerceptionSystem (000002DD3AF2AAC0), frame # 0
[2020.10.21-03.02.35:877][  0]LogAISub: UAISubsystem::UAISubsystem EnvQueryManager (000002DD3AF75E00), frame # 0
[2020.10.21-03.02.36:768][  0]LogPackageLocalizationCache: Processed 19 localized package path(s) for 1 prioritized culture(s) in 0.883574 seconds
[2020.10.21-03.02.36:777][  0]LogUObjectArray: 15917 objects as part of root set at end of initial load.
[2020.10.21-03.02.36:777][  0]LogUObjectAllocator: 3965568 out of 0 bytes used by permanent object pool.
[2020.10.21-03.02.36:777][  0]LogUObjectArray: CloseDisregardForGC: 0/0 objects in disregard for GC pool
[2020.10.21-03.02.37:301][  0]LogTcpMessaging: Initializing TcpMessaging bridge
[2020.10.21-03.02.37:305][  0]LogUdpMessaging: Initializing bridge on interface 0.0.0.0:0 to multicast group 230.0.0.1:6666.
[2020.10.21-03.02.37:351][  0]LogLinker: Warning: Failed to load '/Game/ThirdPersonBP/ThirdPersonOverview': Can't find file.
[2020.10.21-03.02.37:351][  0]LogLinker: Warning: Failed to load '/Game/ThirdPersonBP/ThirdPersonOverview': Can't find file.
[2020.10.21-03.02.37:352][  0]LogUObjectGlobals: Warning: Failed to find object 'Class /Game/ThirdPersonBP/ThirdPersonOverview.ThirdPersonOverview_C'
[2020.10.21-03.02.37:352][  0]LogLinker: Warning: Failed to load '/Engine/Tutorial/Paper2D/SpriteEditorTutorial': Can't find file.
[2020.10.21-03.02.37:352][  0]LogLinker: Warning: Failed to load '/Engine/Tutorial/Paper2D/SpriteEditorTutorial': Can't find file.
[2020.10.21-03.02.37:352][  0]LogUObjectGlobals: Warning: Failed to find object 'Class /Engine/Tutorial/Paper2D/SpriteEditorTutorial.SpriteEditorTutorial_C'
[2020.10.21-03.02.37:495][  0]SourceControl: Source control is disabled
[2020.10.21-03.02.37:496][  0]SourceControl: Source control is disabled
[2020.10.21-03.02.37:509][  0]SourceControl: Source control is disabled
[2020.10.21-03.02.37:526][  0]SourceControl: Source control is disabled
[2020.10.21-03.02.37:544][  0]SourceControl: Source control is disabled
[2020.10.21-03.02.37:947][  0]LogAndroidPermission: UAndroidPermissionCallbackProxy::GetInstance
[2020.10.21-03.02.37:968][  0]LogAudioCaptureCore: Display: No Audio Capture implementations found. Audio input will be silent.
[2020.10.21-03.02.37:968][  0]LogAudioCaptureCore: Display: No Audio Capture implementations found. Audio input will be silent.
[2020.10.21-03.02.38:026][  0]LogOcInput: OculusInput pre-init called
[2020.10.21-03.02.38:037][  0]LogWindows: Failed to load 'OVRPlugin.dll' (GetLastError=126)
[2020.10.21-03.02.38:037][  0]LogWindows: File 'OVRPlugin.dll' does not exist
[2020.10.21-03.02.38:104][  0]LogEngine: Initializing Engine...
[2020.10.21-03.02.38:138][  0]LogHMD: Failed to initialize OpenVR with code 110
[2020.10.21-03.02.38:167][  0]LogMagicLeap: Warning: VR disabled because ZI is not enabled.  To enable, in the editor, Edit -> Project Settings -> Plugins -> Magic Leap Plugin -> Enable Zero Iteration
[2020.10.21-03.02.38:170][  0]LogStats: UGameplayTagsManager::InitializeManager -  0.001 s
[2020.10.21-03.02.38:377][  0]LogInit: Initializing FReadOnlyCVARCache
[2020.10.21-03.02.38:391][  0]LogAIModule: Creating AISystem for world Untitled
[2020.10.21-03.02.38:391][  0]LogAISub: UAISubsystem::UAISubsystem EnvQueryManager (000002DD43C6FC00), frame # 0
[2020.10.21-03.02.38:391][  0]LogAISub: UAISubsystem::UAISubsystem AIPerceptionSystem (000002DD3DFD4680), frame # 0
[2020.10.21-03.02.38:409][  0]LogAudioMixer: Display: Audio Mixer Platform Settings:
[2020.10.21-03.02.38:409][  0]LogAudioMixer: Display: 	Sample Rate:						  48000
[2020.10.21-03.02.38:409][  0]LogAudioMixer: Display: 	Callback Buffer Frame Size Requested: 1024
[2020.10.21-03.02.38:409][  0]LogAudioMixer: Display: 	Callback Buffer Frame Size To Use:	  1024
[2020.10.21-03.02.38:409][  0]LogAudioMixer: Display: 	Number of buffers to queue:			  2
[2020.10.21-03.02.38:409][  0]LogAudioMixer: Display: 	Max Channels (voices):				  32
[2020.10.21-03.02.38:409][  0]LogAudioMixer: Display: 	Number of Async Source Workers:		  0
[2020.10.21-03.02.38:409][  0]LogAudio: Display: AudioDevice MaxSources: 32
[2020.10.21-03.02.38:409][  0]LogAudio: Display: Using built-in audio occlusion.
[2020.10.21-03.02.38:409][  0]LogAudioMixer: Display: Initializing audio mixer.
[2020.10.21-03.02.38:435][  0]LogAudioMixer: Display: 0: FrontLeft
[2020.10.21-03.02.38:435][  0]LogAudioMixer: Display: 1: FrontRight
[2020.10.21-03.02.39:588][  0]LogAudioMixer: Display: Using Audio Device Speakers (Realtek High Definition Audio)
[2020.10.21-03.02.39:593][  0]LogAudioMixer: Display: Initializing Sound Submixes...
[2020.10.21-03.02.39:597][  0]LogAudioMixer: Display: Creating Master Submix 'MasterSubmixDefault'
[2020.10.21-03.02.39:597][  0]LogAudioMixer: Display: Creating Master Submix 'MasterReverbSubmixDefault'
[2020.10.21-03.02.39:598][  0]LogAudioMixer: Display: Creating Master Submix 'MasterEQSubmixDefault'
[2020.10.21-03.02.39:599][  0]LogInit: FAudioDevice initialized.
[2020.10.21-03.02.39:599][  0]LogNetVersion: Set ProjectVersion to 1.0.0.0. Version Checksum will be recalculated on next use.
[2020.10.21-03.02.40:364][  0]LogDerivedDataCache: Saved boot cache 0.77s 76MB C:/Users/Mita Samanta/AppData/Local/UnrealEngine/4.25/DerivedDataCache/Boot.ddc.
[2020.10.21-03.02.40:386][  0]LogInit: Texture streaming: Enabled
[2020.10.21-03.02.40:421][  0]LogEngineSessionManager: EngineSessionManager initialized
[2020.10.21-03.02.40:421][  0]LogEditorSessionSummary: Verbose: Initializing EditorSessionSummaryWriter for editor session tracking
[2020.10.21-03.02.40:609][  0]LogEditorSessionSummary: EditorSessionSummaryWriter initialized
[2020.10.21-03.02.40:729][  0]LogInit: Transaction tracking system initialized
[2020.10.21-03.02.40:756][  0]BlueprintLog: New page: Editor Load
[2020.10.21-03.02.40:824][  0]LocalizationService: Localization service is disabled
[2020.10.21-03.02.41:258][  0]LogCook: Display: Max memory allowance for cook 16384mb min free memory 0mb
[2020.10.21-03.02.41:258][  0]LogCook: Display: Mobile HDR setting 1
[2020.10.21-03.02.41:759][  0]SourceControl: Source control is disabled
[2020.10.21-03.02.41:759][  0]LogUnrealEdMisc: Loading editor; pre map load, took 14.146
[2020.10.21-03.02.41:759][  0]Cmd: MAP LOAD FILE="../../../../../../Users/Mita Samanta/Documents/GitHub/Game-Design-3/TheBeeGame/TheBeeGame/Content/TopDownBP/Maps/ResourceLevel.umap" TEMPLATE=0 SHOWPROGRESS=1 FEATURELEVEL=3
[2020.10.21-03.02.41:907][  0]LightingResults: New page: Lighting Build
[2020.10.21-03.02.41:910][  0]LogWorld: UWorld::CleanupWorld for Untitled, bSessionEnded=true, bCleanupResources=true
[2020.10.21-03.02.41:910][  0]LogSlate: InvalidateAllWidgets triggered.  All widgets were invalidated
[2020.10.21-03.02.41:910][  0]MapCheck: New page: Map Check
[2020.10.21-03.02.41:910][  0]LightingResults: New page: Lighting Build
[2020.10.21-03.02.41:924][  0]LogAISub: UAISubsystem::~UAISubsystem EnvQueryManager (000002DD43C6FC00), frame # 0
[2020.10.21-03.02.41:924][  0]LogAISub: UAISubsystem::~UAISubsystem AIPerceptionSystem (000002DD3DFD4680), frame # 0
[2020.10.21-03.02.41:925][  0]LogUObjectHash: Compacting FUObjectHashTables data took   0.86ms
[2020.10.21-03.02.43:041][  0]LogLinker: Warning: While loading '../../../../../../Users/Mita Samanta/Documents/GitHub/Game-Design-3/TheBeeGame/TheBeeGame/Content/ui/HUD.uasset' failed to load '/Game/ui/IconWorker': Can't find file.
[2020.10.21-03.02.43:041][  0]LogLinker: Warning: While loading '../../../../../../Users/Mita Samanta/Documents/GitHub/Game-Design-3/TheBeeGame/TheBeeGame/Content/ui/HUD.uasset' failed to load '/Game/ui/IconWorker': Can't find file.
[2020.10.21-03.02.43:041][  0]LogLinker: Warning: While loading '../../../../../../Users/Mita Samanta/Documents/GitHub/Game-Design-3/TheBeeGame/TheBeeGame/Content/ui/HUD.uasset' failed to load '/Game/ui/IconWorker': Can't find file.
[2020.10.21-03.02.43:041][  0]LogLinker: Warning: While loading '../../../../../../Users/Mita Samanta/Documents/GitHub/Game-Design-3/TheBeeGame/TheBeeGame/Content/ui/HUD.uasset' failed to load '/Game/ui/IconWorker': Can't find file.
[2020.10.21-03.02.44:064][  0]LogFileCache: Scanning file cache for directory 'C:/Users/Mita Samanta/Documents/GitHub/Game-Design-3/TheBeeGame/TheBeeGame/Content/' took 2.34s
[2020.10.21-03.02.44:773][  0]LogLinker: Warning: While loading '../../../../../../Users/Mita Samanta/Documents/GitHub/Game-Design-3/TheBeeGame/TheBeeGame/Content/Geometry/assets/hex_4.uasset' failed to load '/Game/material/aoe_bee': Can't find file.
[2020.10.21-03.02.44:774][  0]LogLinker: Warning: While loading '../../../../../../Users/Mita Samanta/Documents/GitHub/Game-Design-3/TheBeeGame/TheBeeGame/Content/Geometry/assets/hex_4.uasset' failed to load '/Game/material/aoe_bee': Can't find file.
[2020.10.21-03.02.44:774][  0]LogLinker: Warning: While loading '../../../../../../Users/Mita Samanta/Documents/GitHub/Game-Design-3/TheBeeGame/TheBeeGame/Content/Geometry/assets/hex_4.uasset' failed to load '/Game/material/aoe_bee': Can't find file.
[2020.10.21-03.02.44:774][  0]LogLinker: Warning: While loading '../../../../../../Users/Mita Samanta/Documents/GitHub/Game-Design-3/TheBeeGame/TheBeeGame/Content/Geometry/assets/hex_4.uasset' failed to load '/Game/material/aoe_bee': Can't find file.
[2020.10.21-03.02.44:822][  0]LogLinker: Warning: While loading '../../../../../../Users/Mita Samanta/Documents/GitHub/Game-Design-3/TheBeeGame/TheBeeGame/Content/Geometry/assets/hex_3.uasset' failed to load '/Game/material/projectile_sting_bee': Can't find file.
[2020.10.21-03.02.44:822][  0]LogLinker: Warning: While loading '../../../../../../Users/Mita Samanta/Documents/GitHub/Game-Design-3/TheBeeGame/TheBeeGame/Content/Geometry/assets/hex_3.uasset' failed to load '/Game/material/projectile_sting_bee': Can't find file.
[2020.10.21-03.02.44:822][  0]LogLinker: Warning: While loading '../../../../../../Users/Mita Samanta/Documents/GitHub/Game-Design-3/TheBeeGame/TheBeeGame/Content/Geometry/assets/hex_3.uasset' failed to load '/Game/material/projectile_sting_bee': Can't find file.
[2020.10.21-03.02.44:822][  0]LogLinker: Warning: While loading '../../../../../../Users/Mita Samanta/Documents/GitHub/Game-Design-3/TheBeeGame/TheBeeGame/Content/Geometry/assets/hex_3.uasset' failed to load '/Game/material/projectile_sting_bee': Can't find file.
[2020.10.21-03.02.45:017][  0]LogLinker: Warning: While loading '../../../../../../Users/Mita Samanta/Documents/GitHub/Game-Design-3/TheBeeGame/TheBeeGame/Content/TopDownBP/Blueprints/building_units/nectar_storage_cell.uasset' failed to load '/Game/ui/IconWorker': Can't find file.
[2020.10.21-03.02.45:017][  0]LogLinker: Warning: While loading '../../../../../../Users/Mita Samanta/Documents/GitHub/Game-Design-3/TheBeeGame/TheBeeGame/Content/TopDownBP/Blueprints/building_units/nectar_storage_cell.uasset' failed to load '/Game/ui/IconWorker': Can't find file.
[2020.10.21-03.02.45:017][  0]LogLinker: Warning: While loading '../../../../../../Users/Mita Samanta/Documents/GitHub/Game-Design-3/TheBeeGame/TheBeeGame/Content/TopDownBP/Blueprints/building_units/nectar_storage_cell.uasset' failed to load '/Game/ui/IconWorker': Can't find file.
[2020.10.21-03.02.45:018][  0]LogLinker: Warning: While loading '../../../../../../Users/Mita Samanta/Documents/GitHub/Game-Design-3/TheBeeGame/TheBeeGame/Content/TopDownBP/Blueprints/building_units/nectar_storage_cell.uasset' failed to load '/Game/ui/IconWorker': Can't find file.
[2020.10.21-03.02.45:019][  0]LogLinker: Warning: While loading '../../../../../../Users/Mita Samanta/Documents/GitHub/Game-Design-3/TheBeeGame/TheBeeGame/Content/TopDownBP/Blueprints/building_units/nectar_storage_cell.uasset' failed to load '/Game/ui/IconWorker': Can't find file.
[2020.10.21-03.02.45:019][  0]LoadErrors: Failed to load /Game/ui/IconWorker.IconWorker Referenced by Button_133
[2020.10.21-03.02.45:020][  0]LogLinker: Warning: While loading '../../../../../../Users/Mita Samanta/Documents/GitHub/Game-Design-3/TheBeeGame/TheBeeGame/Content/TopDownBP/Blueprints/building_units/nectar_storage_cell.uasset' failed to load '/Game/ui/IconWorker': Can't find file.
[2020.10.21-03.02.45:020][  0]LoadErrors: Failed to load /Game/ui/IconWorker.IconWorker Referenced by Button_133
[2020.10.21-03.02.45:020][  0]LogLinker: Warning: While loading '../../../../../../Users/Mita Samanta/Documents/GitHub/Game-Design-3/TheBeeGame/TheBeeGame/Content/TopDownBP/Blueprints/building_units/nectar_storage_cell.uasset' failed to load '/Game/ui/IconWorker': Can't find file.
[2020.10.21-03.02.45:020][  0]LoadErrors: Failed to load /Game/ui/IconWorker.IconWorker Referenced by Button_133
[2020.10.21-03.02.45:020][  0]LogLinker: Warning: While loading '../../../../../../Users/Mita Samanta/Documents/GitHub/Game-Design-3/TheBeeGame/TheBeeGame/Content/TopDownBP/Blueprints/building_units/nectar_storage_cell.uasset' failed to load '/Game/ui/IconWorker': Can't find file.
[2020.10.21-03.02.45:020][  0]LoadErrors: Failed to load /Game/ui/IconWorker.IconWorker Referenced by Button_133
[2020.10.21-03.02.45:021][  0]LogLinker: Warning: While loading '../../../../../../Users/Mita Samanta/Documents/GitHub/Game-Design-3/TheBeeGame/TheBeeGame/Content/TopDownBP/Blueprints/building_units/nectar_storage_cell.uasset' failed to load '/Game/ui/IconWorker': Can't find file.
[2020.10.21-03.02.45:021][  0]LoadErrors: Failed to load /Game/ui/IconWorker.IconWorker Referenced by Button_133
[2020.10.21-03.02.45:021][  0]LogLinker: Warning: While loading '../../../../../../Users/Mita Samanta/Documents/GitHub/Game-Design-3/TheBeeGame/TheBeeGame/Content/TopDownBP/Blueprints/building_units/nectar_storage_cell.uasset' failed to load '/Game/ui/IconWorker': Can't find file.
[2020.10.21-03.02.45:021][  0]LoadErrors: Failed to load /Game/ui/IconWorker.IconWorker Referenced by Button_133
[2020.10.21-03.02.45:021][  0]LogLinker: Warning: While loading '../../../../../../Users/Mita Samanta/Documents/GitHub/Game-Design-3/TheBeeGame/TheBeeGame/Content/TopDownBP/Blueprints/building_units/nectar_storage_cell.uasset' failed to load '/Game/ui/IconWorker': Can't find file.
[2020.10.21-03.02.45:021][  0]LoadErrors: Failed to load /Game/ui/IconWorker.IconWorker Referenced by Button_133
[2020.10.21-03.02.45:022][  0]LogLinker: Warning: While loading '../../../../../../Users/Mita Samanta/Documents/GitHub/Game-Design-3/TheBeeGame/TheBeeGame/Content/TopDownBP/Blueprints/building_units/nectar_storage_cell.uasset' failed to load '/Game/ui/IconWorker': Can't find file.
[2020.10.21-03.02.45:022][  0]LoadErrors: Failed to load /Game/ui/IconWorker.IconWorker Referenced by Button_133
[2020.10.21-03.02.45:546][  0]LogLinker: Warning: While loading '../../../../../../Users/Mita Samanta/Documents/GitHub/Game-Design-3/TheBeeGame/TheBeeGame/Content/Geometry/assets/hex_3.uasset' failed to load '/Game/material/projectile_sting_bee': Can't find file.
[2020.10.21-03.02.45:546][  0]LoadErrors: Failed to load /Game/material/projectile_sting_bee.projectile_sting_bee Referenced by hex_3
[2020.10.21-03.02.45:546][  0]LogLinker: Warning: While loading '../../../../../../Users/Mita Samanta/Documents/GitHub/Game-Design-3/TheBeeGame/TheBeeGame/Content/Geometry/assets/hex_3.uasset' failed to load '/Game/material/projectile_sting_bee': Can't find file.
[2020.10.21-03.02.45:546][  0]LoadErrors: Failed to load /Game/material/projectile_sting_bee.projectile_sting_bee Referenced by hex_3
[2020.10.21-03.02.45:547][  0]LogLinker: Warning: While loading '../../../../../../Users/Mita Samanta/Documents/GitHub/Game-Design-3/TheBeeGame/TheBeeGame/Content/Geometry/assets/hex_3.uasset' failed to load '/Game/material/projectile_sting_bee': Can't find file.
[2020.10.21-03.02.45:547][  0]LoadErrors: Failed to load /Game/material/projectile_sting_bee.projectile_sting_bee Referenced by hex_3
[2020.10.21-03.02.45:547][  0]LogLinker: Warning: While loading '../../../../../../Users/Mita Samanta/Documents/GitHub/Game-Design-3/TheBeeGame/TheBeeGame/Content/Geometry/assets/hex_3.uasset' failed to load '/Game/material/projectile_sting_bee': Can't find file.
[2020.10.21-03.02.45:547][  0]LoadErrors: Failed to load /Game/material/projectile_sting_bee.projectile_sting_bee Referenced by hex_3
[2020.10.21-03.02.45:549][  0]LogLinker: Warning: While loading '../../../../../../Users/Mita Samanta/Documents/GitHub/Game-Design-3/TheBeeGame/TheBeeGame/Content/Geometry/assets/hex_4.uasset' failed to load '/Game/material/aoe_bee': Can't find file.
[2020.10.21-03.02.45:549][  0]LoadErrors: Failed to load /Game/material/aoe_bee.aoe_bee Referenced by hex_4
[2020.10.21-03.02.45:550][  0]LogLinker: Warning: While loading '../../../../../../Users/Mita Samanta/Documents/GitHub/Game-Design-3/TheBeeGame/TheBeeGame/Content/Geometry/assets/hex_4.uasset' failed to load '/Game/material/aoe_bee': Can't find file.
[2020.10.21-03.02.45:551][  0]LoadErrors: Failed to load /Game/material/aoe_bee.aoe_bee Referenced by hex_4
[2020.10.21-03.02.45:553][  0]LogLinker: Warning: While loading '../../../../../../Users/Mita Samanta/Documents/GitHub/Game-Design-3/TheBeeGame/TheBeeGame/Content/Geometry/assets/hex_4.uasset' failed to load '/Game/material/aoe_bee': Can't find file.
[2020.10.21-03.02.45:553][  0]LoadErrors: Failed to load /Game/material/aoe_bee.aoe_bee Referenced by hex_4
[2020.10.21-03.02.45:553][  0]LogLinker: Warning: While loading '../../../../../../Users/Mita Samanta/Documents/GitHub/Game-Design-3/TheBeeGame/TheBeeGame/Content/Geometry/assets/hex_4.uasset' failed to load '/Game/material/aoe_bee': Can't find file.
[2020.10.21-03.02.45:553][  0]LoadErrors: Failed to load /Game/material/aoe_bee.aoe_bee Referenced by hex_4
[2020.10.21-03.02.48:081][  0]LogAIModule: Creating AISystem for world ResourceLevel
[2020.10.21-03.02.48:083][  0]LogAISub: UAISubsystem::UAISubsystem EnvQueryManager (000002DD35038400), frame # 0
[2020.10.21-03.02.48:083][  0]LogAISub: UAISubsystem::UAISubsystem AIPerceptionSystem (000002DD2F78CB80), frame # 0
[2020.10.21-03.02.48:169][  0]LogEditorServer: Finished looking for orphan Actors (0.000 secs)
[2020.10.21-03.02.48:173][  0]LogNavigationDataBuild: Display:    Building NavData:  Name Default class /Script/NavigationSystem.RecastNavMesh agent radius 35.0.
[2020.10.21-03.02.48:393][  0]LogUObjectHash: Compacting FUObjectHashTables data took   1.87ms
[2020.10.21-03.02.48:394][  0]Cmd: MAP CHECKDEP NOCLEARLOG
[2020.10.21-03.02.48:394][  0]MapCheck: Map check complete: 0 Error(s), 0 Warning(s), took 0.24ms to complete.
[2020.10.21-03.02.48:394][  0]LogFileHelpers: Loading map 'ResourceLevel' took 6.635
[2020.10.21-03.02.48:397][  0]LogUnrealEdMisc: Total Editor Startup Time, took 20.783
[2020.10.21-03.02.48:726][  0]LogCollectionManager: Loaded 0 collections in 0.002799 seconds
[2020.10.21-03.02.48:773][  0]LogFileCache: Scanning file cache for directory 'C:/Users/Mita Samanta/Documents/GitHub/Game-Design-3/TheBeeGame/TheBeeGame/Saved/Collections/' took 0.00s
[2020.10.21-03.02.48:773][  0]LogFileCache: Scanning file cache for directory 'C:/Users/Mita Samanta/Documents/GitHub/Game-Design-3/TheBeeGame/TheBeeGame/Content/Developers/MitaSamanta/Collections/' took 0.00s
[2020.10.21-03.02.48:773][  0]LogFileCache: Scanning file cache for directory 'C:/Users/Mita Samanta/Documents/GitHub/Game-Design-3/TheBeeGame/TheBeeGame/Content/Collections/' took 0.00s
[2020.10.21-03.02.48:773][  0]LogContentBrowser: Native class hierarchy populated in 0.0153 seconds. Added 3427 classes and 821 folders.
[2020.10.21-03.02.48:995][  0]LogContentBrowser: Native class hierarchy updated for 'WidgetCarousel' in 0.0004 seconds. Added 0 classes and 0 folders.
[2020.10.21-03.02.54:931][  0]LogContentBrowser: Native class hierarchy updated for 'AddContentDialog' in 0.0003 seconds. Added 0 classes and 0 folders.
[2020.10.21-03.02.55:371][  0]LogSlate: Updating window title bar state: overlay mode, drag disabled, window buttons hidden, title bar hidden
[2020.10.21-03.02.55:388][  0]LogSlate: Updating window title bar state: overlay mode, drag disabled, window buttons hidden, title bar hidden
[2020.10.21-03.02.55:399][  0]LogSlate: Updating window title bar state: overlay mode, drag disabled, window buttons hidden, title bar hidden
[2020.10.21-03.02.55:409][  0]LogSlate: Updating window title bar state: overlay mode, drag disabled, window buttons hidden, title bar hidden
[2020.10.21-03.02.55:412][  0]LogContentBrowser: Native class hierarchy updated for 'SceneOutliner' in 0.0004 seconds. Added 2 classes and 0 folders.
[2020.10.21-03.02.55:863][  0]LogSlate: Took 0.000221 seconds to synchronously load lazily loaded font '../../../Engine/Content/Slate/Fonts/Roboto-Regular.ttf' (155K)
[2020.10.21-03.02.55:905][  0]LogSlate: Took 0.038337 seconds to synchronously load lazily loaded font '../../../Engine/Content/Editor/Slate/Fonts/FontAwesome.ttf' (139K)
[2020.10.21-03.02.55:906][  0]LogSlate: Took 0.000290 seconds to synchronously load lazily loaded font '../../../Engine/Content/Slate/Fonts/Roboto-Bold.ttf' (160K)
[2020.10.21-03.02.56:163][  0]LogRenderer: Reallocating scene render targets to support 760x564 Format 10 NumSamples 1 (Frame:1).
[2020.10.21-03.02.59:654][  0]LogContentBrowser: Native class hierarchy updated for 'HierarchicalLODOutliner' in 0.0016 seconds. Added 0 classes and 0 folders.
[2020.10.21-03.02.59:655][  0]LogLoad: (Engine Initialization) Total time: 32.04 seconds
[2020.10.21-03.02.59:655][  0]LogLoad: (Engine Initialization) Total Blueprint compile time: 0.00 seconds
[2020.10.21-03.03.00:235][  0]LogContentStreaming: Texture pool size now 1000 MB
[2020.10.21-03.03.00:667][  0]LogSlate: Took 0.012017 seconds to synchronously load lazily loaded font '../../../Engine/Content/Slate/Fonts/Roboto-Light.ttf' (167K)
[2020.10.21-03.03.00:798][  0]LogSlate: Took 0.019190 seconds to synchronously load lazily loaded font '../../../Engine/Content/Slate/Fonts/DroidSansMono.ttf' (77K)
[2020.10.21-03.03.00:932][  1]LogAssetRegistry: Asset discovery search completed in 26.1358 seconds
[2020.10.21-03.03.00:938][  1]LogCollectionManager: Fixed up redirectors for 0 collections in 0.000003 seconds (updated 0 objects)
[2020.10.21-03.03.01:760][  2]LogSlate: Took 0.000178 seconds to synchronously load lazily loaded font '../../../Engine/Content/Slate/Fonts/Roboto-Light.ttf' (167K)
[2020.10.21-03.03.11:625][ 32]LogSlate: Window 'Message Log' being destroyed
[2020.10.21-03.03.11:633][ 32]LogSlate: Window 'Message Log' being destroyed
[2020.10.21-03.03.15:031][ 68]LogAssetEditorSubsystem: Opening Asset editor for WidgetBlueprint /Game/ui/HUD.HUD
[2020.10.21-03.03.18:294][ 68]LogContentBrowser: Native class hierarchy updated for 'BlueprintGraph' in 0.0024 seconds. Added 125 classes and 0 folders.
[2020.10.21-03.03.23:053][ 68]LogSlate: Took 0.000595 seconds to synchronously load lazily loaded font '../../../Engine/Content/Slate/Fonts/Roboto-BoldCondensed.ttf' (158K)
[2020.10.21-03.03.30:265][342]LogD3D11RHI: Error: agsDriverExtensionsDX11_SetDepthBounds(1,0.000000, 1.000000) returned error code 6. **********PLEASE UPDATE YOUR VIDEO DRIVERS*********
[2020.10.21-03.03.56:411][613]LogFactory: FactoryCreateFile: Texture with ReimportTextureFactory (0 0 E:\Documents\Work\gd3\GDD\IconWorker.png)
[2020.10.21-03.03.56:528][613]LogTexture: Display: Building textures: IconWorker (BGRA8, 122X123)
[2020.10.21-03.03.56:734][613]LogFactory: FactoryCreateFile: Texture with ReimportTextureFactory (0 0 E:\Documents\Work\gd3\GDD\iconBasic.png)
[2020.10.21-03.03.56:742][613]LogTexture: Display: Building textures: iconBasic (BGRA8, 137X137)
[2020.10.21-03.03.56:764][613]LogFactory: FactoryCreateFile: Texture with ReimportTextureFactory (0 0 E:\Documents\Work\gd3\GDD\IconNectar.png)
[2020.10.21-03.03.56:768][613]LogTexture: Display: Building textures: IconNectar (BGRA8, 160X159)
[2020.10.21-03.04.33:299][237]LogSlate: Window 'Color Picker' being destroyed
[2020.10.21-03.04.48:206][855]BlueprintLog: New page: Compile HUD
[2020.10.21-03.04.48:375][855]LogUObjectHash: Compacting FUObjectHashTables data took   4.21ms
[2020.10.21-03.04.49:563][899]Cmd: OBJ SAVEPACKAGE PACKAGE="/Game/ui/HUD" FILE="../../../../../../Users/Mita Samanta/Documents/GitHub/Game-Design-3/TheBeeGame/TheBeeGame/Content/ui/HUD.uasset" SILENT=true
[2020.10.21-03.04.50:018][899]LogSavePackage: Moving '../../../../../../Users/Mita Samanta/Documents/GitHub/Game-Design-3/TheBeeGame/TheBeeGame/Saved/HUD5551CECE40B728F547248FB585C76B73.tmp' to '../../../../../../Users/Mita Samanta/Documents/GitHub/Game-Design-3/TheBeeGame/TheBeeGame/Content/ui/HUD.uasset'
[2020.10.21-03.04.50:047][899]AssetCheck: New page: Asset Save: HUD
[2020.10.21-03.04.50:047][899]LogContentValidation: Display: Validating WidgetBlueprint /Game/ui/HUD.HUD
[2020.10.21-03.04.53:542][984]LogRenderer: Reallocating scene render targets to support 764x564 Format 10 NumSamples 1 (Frame:327).
[2020.10.21-03.04.53:689][985]LogRenderer: Reallocating scene render targets to support 788x564 Format 10 NumSamples 1 (Frame:329).
[2020.10.21-03.04.53:839][986]LogRenderer: Reallocating scene render targets to support 800x564 Format 10 NumSamples 1 (Frame:331).
[2020.10.21-03.04.53:963][987]LogRenderer: Reallocating scene render targets to support 812x564 Format 10 NumSamples 1 (Frame:333).
[2020.10.21-03.04.54:107][988]LogRenderer: Reallocating scene render targets to support 820x564 Format 10 NumSamples 1 (Frame:335).
[2020.10.21-03.04.54:234][989]LogRenderer: Reallocating scene render targets to support 824x564 Format 10 NumSamples 1 (Frame:337).
[2020.10.21-03.04.54:884][ 23]LogRenderer: Reallocating scene render targets to support 828x564 Format 10 NumSamples 1 (Frame:339).
[2020.10.21-03.04.55:020][ 24]LogRenderer: Reallocating scene render targets to support 832x564 Format 10 NumSamples 1 (Frame:341).
[2020.10.21-03.04.55:146][ 25]LogRenderer: Reallocating scene render targets to support 844x564 Format 10 NumSamples 1 (Frame:343).
[2020.10.21-03.04.55:783][ 57]LogRenderer: Reallocating scene render targets to support 848x564 Format 10 NumSamples 1 (Frame:345).
[2020.10.21-03.04.56:026][ 59]LogRenderer: Reallocating scene render targets to support 860x564 Format 10 NumSamples 1 (Frame:349).
[2020.10.21-03.04.58:379][117]LogRenderer: Reallocating scene render targets to support 868x564 Format 10 NumSamples 1 (Frame:385).
[2020.10.21-03.04.58:515][118]LogRenderer: Reallocating scene render targets to support 900x564 Format 10 NumSamples 1 (Frame:387).
[2020.10.21-03.04.58:679][119]LogRenderer: Reallocating scene render targets to support 904x564 Format 10 NumSamples 1 (Frame:389).
[2020.10.21-03.04.58:808][120]LogRenderer: Reallocating scene render targets to support 912x564 Format 10 NumSamples 1 (Frame:391).
[2020.10.21-03.05.00:532][154]LogTemp: Repeating last play command: New Editor Window (PIE)
[2020.10.21-03.05.00:669][154]LogPlayLevel: PlayLevel: No blueprints needed recompiling
[2020.10.21-03.05.00:733][154]PIE: New page: PIE session: ResourceLevel (21-Oct-2020, 2:05:00 pm)
[2020.10.21-03.05.00:780][154]LogOnline: OSS: Creating online subsystem instance for: NULL
[2020.10.21-03.05.00:783][154]LogOnline: OSS: TryLoadSubsystemAndSetDefault: Loaded subsystem for module [NULL]
[2020.10.21-03.05.00:847][154]LogPlayLevel: Creating play world package: /Game/TopDownBP/Maps/UEDPIE_0_ResourceLevel
[2020.10.21-03.05.00:950][154]LogPlayLevel: PIE: StaticDuplicateObject took: (0.102868s)
[2020.10.21-03.05.00:958][154]LogAIModule: Creating AISystem for world ResourceLevel
[2020.10.21-03.05.00:958][154]LogAISub: UAISubsystem::UAISubsystem EnvQueryManager (000002DD61CA7200), frame # 3154
[2020.10.21-03.05.00:958][154]LogAISub: UAISubsystem::UAISubsystem AIPerceptionSystem (000002DD441BCE00), frame # 3154
[2020.10.21-03.05.00:958][154]LogPlayLevel: PIE: World Init took: (0.007849s)
[2020.10.21-03.05.00:964][154]LogPlayLevel: PIE: Created PIE world by copying editor world from /Game/TopDownBP/Maps/ResourceLevel.ResourceLevel to /Game/TopDownBP/Maps/UEDPIE_0_ResourceLevel.ResourceLevel (0.111199s)
[2020.10.21-03.05.01:087][154]LogUObjectHash: Compacting FUObjectHashTables data took   6.53ms
[2020.10.21-03.05.01:118][154]LogAudioMixer: Display: Audio Mixer Platform Settings:
[2020.10.21-03.05.01:118][154]LogAudioMixer: Display: 	Sample Rate:						  48000
[2020.10.21-03.05.01:118][154]LogAudioMixer: Display: 	Callback Buffer Frame Size Requested: 1024
[2020.10.21-03.05.01:118][154]LogAudioMixer: Display: 	Callback Buffer Frame Size To Use:	  1024
[2020.10.21-03.05.01:118][154]LogAudioMixer: Display: 	Number of buffers to queue:			  2
[2020.10.21-03.05.01:118][154]LogAudioMixer: Display: 	Max Channels (voices):				  32
[2020.10.21-03.05.01:118][154]LogAudioMixer: Display: 	Number of Async Source Workers:		  0
[2020.10.21-03.05.01:118][154]LogAudio: Display: AudioDevice MaxSources: 32
[2020.10.21-03.05.01:119][154]LogAudio: Display: Using built-in audio occlusion.
[2020.10.21-03.05.01:119][154]LogAudioMixer: Display: Initializing audio mixer.
[2020.10.21-03.05.01:129][154]LogAudioMixer: Display: 0: FrontLeft
[2020.10.21-03.05.01:129][154]LogAudioMixer: Display: 1: FrontRight
[2020.10.21-03.05.02:183][154]LogAudioMixer: Display: Using Audio Device Speakers (Realtek High Definition Audio)
[2020.10.21-03.05.02:183][154]LogAudioMixer: Display: Initializing Sound Submixes...
[2020.10.21-03.05.02:184][154]LogAudioMixer: Display: Creating Master Submix 'MasterSubmixDefault'
[2020.10.21-03.05.02:184][154]LogAudioMixer: Display: Creating Master Submix 'MasterReverbSubmixDefault'
[2020.10.21-03.05.02:186][154]LogAudioMixer: Display: Creating Master Submix 'MasterEQSubmixDefault'
[2020.10.21-03.05.02:224][154]LogInit: FAudioDevice initialized.
[2020.10.21-03.05.02:469][154]LogSlate: Updating window title bar state: overlay mode, drag disabled, window buttons hidden, title bar hidden
[2020.10.21-03.05.02:487][154]LogLoad: Game class is 'TopDownGameMode_C'
[2020.10.21-03.05.02:510][154]LogWorld: Bringing World /Game/TopDownBP/Maps/UEDPIE_0_ResourceLevel.ResourceLevel up for play (max tick rate 60) at 2020.10.21-08.35.02
[2020.10.21-03.05.02:736][154]LogWorld: Bringing up level for play took: 0.244999
[2020.10.21-03.05.02:737][154]LogOnline: OSS: Creating online subsystem instance for: :Context_7
[2020.10.21-03.05.02:910][154]LogContentBrowser: Native class hierarchy updated for 'MovieSceneCapture' in 0.0010 seconds. Added 20 classes and 0 folders.
[2020.10.21-03.05.03:124][154]PIE: Server logged in
[2020.10.21-03.05.03:128][154]PIE: Play in editor total start time 2.536 seconds.
[2020.10.21-03.05.03:432][155]LogRenderer: Reallocating scene render targets to support 1272x648 Format 10 NumSamples 1 (Frame:1).
[2020.10.21-03.05.05:635][169]LogRenderer: Reallocating scene render targets to support 1280x656 Format 10 NumSamples 1 (Frame:16).
[2020.10.21-03.05.11:160][241]LogBlueprintUserMessages: [TopDownController_C_0] BP_Player_worker_bee
[2020.10.21-03.05.15:354][302]LogBlueprintUserMessages: [BP_Player_worker_bee_2] Not Enough Resources
[2020.10.21-03.05.15:355][302]LogBlueprintUserMessages: [HUD_C_0] not enough resources
[2020.10.21-03.05.17:492][333]LogBlueprintUserMessages: [BP_Player_worker_bee_2] Not Enough Resources
[2020.10.21-03.05.17:492][333]LogBlueprintUserMessages: [HUD_C_0] not enough resources
[2020.10.21-03.05.19:725][364]LogBlueprintUserMessages: [TopDownController_C_0] BP_Player_worker_bee
[2020.10.21-03.05.24:372][427]LogBlueprintUserMessages: [BP_Player_worker_bee_2] Not Enough Resources
[2020.10.21-03.05.24:372][427]LogBlueprintUserMessages: [HUD_C_0] not enough resources
[2020.10.21-03.05.27:124][452]LogSlate: Updating window title bar state: overlay mode, drag disabled, window buttons hidden, title bar hidden
[2020.10.21-03.05.27:125][452]LogWorld: BeginTearingDown for /Game/TopDownBP/Maps/UEDPIE_0_ResourceLevel
[2020.10.21-03.05.27:125][452]LogSlate: Window 'TheBeeGame Preview [NetMode: Standalone] (64-bit/Windows) ' being destroyed
[2020.10.21-03.05.27:698][452]LogWorld: UWorld::CleanupWorld for ResourceLevel, bSessionEnded=true, bCleanupResources=true
[2020.10.21-03.05.27:888][452]LogSlate: InvalidateAllWidgets triggered.  All widgets were invalidated
[2020.10.21-03.05.28:265][452]LogPlayLevel: Display: Shutting down PIE online subsystems
[2020.10.21-03.05.28:433][452]LogSlate: InvalidateAllWidgets triggered.  All widgets were invalidated
[2020.10.21-03.05.28:910][452]LogAISub: UAISubsystem::~UAISubsystem AIPerceptionSystem (000002DD441BCE00), frame # 3452
[2020.10.21-03.05.28:910][452]LogAISub: UAISubsystem::~UAISubsystem EnvQueryManager (000002DD61CA7200), frame # 3452
[2020.10.21-03.05.29:049][452]LogUObjectHash: Compacting FUObjectHashTables data took  17.45ms
[2020.10.21-03.05.29:182][453]LogPlayLevel: Display: Destroying online subsystem :Context_7
[2020.10.21-03.05.43:150][ 99]LogSlate: Window 'Color Picker' being destroyed
[2020.10.21-03.05.45:161][219]BlueprintLog: New page: Compile HUD
[2020.10.21-03.05.45:293][219]LogUObjectHash: Compacting FUObjectHashTables data took   4.48ms
[2020.10.21-03.05.46:251][265]Cmd: OBJ SAVEPACKAGE PACKAGE="/Game/ui/HUD" FILE="../../../../../../Users/Mita Samanta/Documents/GitHub/Game-Design-3/TheBeeGame/TheBeeGame/Content/ui/HUD.uasset" SILENT=true
[2020.10.21-03.05.46:295][265]LogSavePackage: Moving '../../../../../../Users/Mita Samanta/Documents/GitHub/Game-Design-3/TheBeeGame/TheBeeGame/Saved/HUDC2C4FCCA43FC1F9EF5B5D0A3B7387A0B.tmp' to '../../../../../../Users/Mita Samanta/Documents/GitHub/Game-Design-3/TheBeeGame/TheBeeGame/Content/ui/HUD.uasset'
[2020.10.21-03.05.46:316][265]AssetCheck: New page: Asset Save: HUD
[2020.10.21-03.05.46:317][265]LogContentValidation: Display: Validating WidgetBlueprint /Game/ui/HUD.HUD
[2020.10.21-03.05.51:682][478]LogAssetEditorSubsystem: Opening Asset editor for WidgetBlueprint /Game/ui/building_button.building_button
[2020.10.21-03.05.55:111][624]LogWorld: UWorld::CleanupWorld for World_7, bSessionEnded=true, bCleanupResources=true
[2020.10.21-03.05.55:111][624]LogSlate: InvalidateAllWidgets triggered.  All widgets were invalidated
[2020.10.21-03.05.55:180][624]LogWorld: UWorld::CleanupWorld for World_6, bSessionEnded=true, bCleanupResources=true
[2020.10.21-03.05.55:180][624]LogSlate: InvalidateAllWidgets triggered.  All widgets were invalidated
[2020.10.21-03.06.03:813][926]LogAssetEditorSubsystem: Opening Asset editor for WidgetBlueprint /Game/ui/worker_bee_action_selection_ui.worker_bee_action_selection_ui
[2020.10.21-03.06.08:030][133]LogSlate: Took 0.080821 seconds to synchronously load lazily loaded font '../../../Engine/Content/Slate/Fonts/DroidSansFallback.ttf' (3848K)
[2020.10.21-03.08.27:975][142]LogAssetEditorSubsystem: Opening Asset editor for WidgetBlueprint /Game/ui/building_button.building_button
[2020.10.21-03.13.26:334][889]LogUObjectHash: Compacting FUObjectHashTables data took  19.92ms
[2020.10.21-03.13.26:340][889]LogFileHelpers: Editor autosave (incl. sublevels) for '/Game/TopDownBP/Maps/ResourceLevel' took 0.157
[2020.10.21-03.13.26:351][889]OBJ SavePackage: Generating thumbnails for [0] asset(s) in package [/Game/ui/worker_bee_action_selection_ui] ([1] browsable assets)...
[2020.10.21-03.13.26:351][889]OBJ SavePackage: Finished generating thumbnails for package [/Game/ui/worker_bee_action_selection_ui]
[2020.10.21-03.13.26:404][889]LogSavePackage: Moving '../../../../../../Users/Mita Samanta/Documents/GitHub/Game-Design-3/TheBeeGame/TheBeeGame/Saved/worker_bee_action_selection_ui_AB04F2B7B4BFC9C0839B0A088A8F6AFBD.tmp' to '../../../../../../Users/Mita Samanta/Documents/GitHub/Game-Design-3/TheBeeGame/TheBeeGame/Saved/Autosaves/Game/ui/worker_bee_action_selection_ui_Auto1.uasset'
[2020.10.21-03.13.26:423][889]OBJ SavePackage: Generating thumbnails for [1] asset(s) in package [/Game/ui/IconWorker] ([1] browsable assets)...
[2020.10.21-03.13.26:521][889]OBJ SavePackage:     Rendered thumbnail for [Texture2D /Game/ui/IconWorker.IconWorker]
[2020.10.21-03.13.26:521][889]OBJ SavePackage: Finished generating thumbnails for package [/Game/ui/IconWorker]
[2020.10.21-03.13.26:554][889]LogSavePackage: Moving '../../../../../../Users/Mita Samanta/Documents/GitHub/Game-Design-3/TheBeeGame/TheBeeGame/Saved/IconWorker_Auto1BE8663D1427B916E73FD40A3AEE982B1.tmp' to '../../../../../../Users/Mita Samanta/Documents/GitHub/Game-Design-3/TheBeeGame/TheBeeGame/Saved/Autosaves/Game/ui/IconWorker_Auto1.uasset'
[2020.10.21-03.13.26:556][889]OBJ SavePackage: Generating thumbnails for [1] asset(s) in package [/Game/ui/iconBasic] ([1] browsable assets)...
[2020.10.21-03.13.26:560][889]OBJ SavePackage:     Rendered thumbnail for [Texture2D /Game/ui/iconBasic.iconBasic]
[2020.10.21-03.13.26:560][889]OBJ SavePackage: Finished generating thumbnails for package [/Game/ui/iconBasic]
[2020.10.21-03.13.26:586][889]LogSavePackage: Moving '../../../../../../Users/Mita Samanta/Documents/GitHub/Game-Design-3/TheBeeGame/TheBeeGame/Saved/iconBasic_Auto187E6968849FC56201260719FE4AD3E9B.tmp' to '../../../../../../Users/Mita Samanta/Documents/GitHub/Game-Design-3/TheBeeGame/TheBeeGame/Saved/Autosaves/Game/ui/iconBasic_Auto1.uasset'
[2020.10.21-03.13.26:589][889]OBJ SavePackage: Generating thumbnails for [1] asset(s) in package [/Game/ui/IconNectar] ([1] browsable assets)...
[2020.10.21-03.13.26:595][889]OBJ SavePackage:     Rendered thumbnail for [Texture2D /Game/ui/IconNectar.IconNectar]
[2020.10.21-03.13.26:595][889]OBJ SavePackage: Finished generating thumbnails for package [/Game/ui/IconNectar]
[2020.10.21-03.13.26:606][889]LogSavePackage: Moving '../../../../../../Users/Mita Samanta/Documents/GitHub/Game-Design-3/TheBeeGame/TheBeeGame/Saved/IconNectar_Auto12B7A5C114DEF93E085E4888F5FD1BFEC.tmp' to '../../../../../../Users/Mita Samanta/Documents/GitHub/Game-Design-3/TheBeeGame/TheBeeGame/Saved/Autosaves/Game/ui/IconNectar_Auto1.uasset'
[2020.10.21-03.13.26:608][889]LogFileHelpers: Auto-saving content packages took 0.268
[2020.10.21-03.24.42:356][909]LogFactory: FactoryCreateFile: Texture with ReimportTextureFactory (0 0 E:\Documents\Work\gd3\GDD\iconPollen.png)
[2020.10.21-03.24.42:487][909]LogTexture: Display: Building textures: iconPollen (BGRA8, 135X135)
[2020.10.21-03.24.42:509][909]LogFactory: FactoryCreateFile: Texture with ReimportTextureFactory (0 0 E:\Documents\Work\gd3\GDD\iconTCCollector.png)
[2020.10.21-03.24.42:550][909]LogTexture: Display: Building textures: iconTCCollector (BGRA8, 194X193)
[2020.10.21-03.24.42:568][909]LogFactory: FactoryCreateFile: Texture with ReimportTextureFactory (0 0 E:\Documents\Work\gd3\GDD\iconTCDetonator.png)
[2020.10.21-03.24.42:643][909]LogTexture: Display: Building textures: iconTCDetonator (AutoDXT, 188X188)
[2020.10.21-03.24.42:710][909]LogFactory: FactoryCreateFile: Texture with ReimportTextureFactory (0 0 E:\Documents\Work\gd3\GDD\iconTCStinger.png)
[2020.10.21-03.24.42:734][909]LogTexture: Display: Building textures: iconTCStinger (BGRA8, 191X191)
[2020.10.21-03.24.52:431][134]LogUObjectHash: Compacting FUObjectHashTables data took   5.32ms
[2020.10.21-03.24.52:519][134]LogSavePackage: Moving '../../../../../../Users/Mita Samanta/Documents/GitHub/Game-Design-3/TheBeeGame/TheBeeGame/Saved/worker_bee_action_selection_ui3619502E46D0FE2AAF727390FEE74D60.tmp' to '../../../../../../Users/Mita Samanta/Documents/GitHub/Game-Design-3/TheBeeGame/TheBeeGame/Content/ui/worker_bee_action_selection_ui.uasset'
[2020.10.21-03.24.52:527][134]Cmd: OBJ SAVEPACKAGE PACKAGE="/Game/ui/IconWorker" FILE="../../../../../../Users/Mita Samanta/Documents/GitHub/Game-Design-3/TheBeeGame/TheBeeGame/Content/ui/IconWorker.uasset" SILENT=true
[2020.10.21-03.24.52:538][134]LogSavePackage: Moving '../../../../../../Users/Mita Samanta/Documents/GitHub/Game-Design-3/TheBeeGame/TheBeeGame/Saved/IconWorker87DE4C5F4DB476D1A44C1AB9D7118EBB.tmp' to '../../../../../../Users/Mita Samanta/Documents/GitHub/Game-Design-3/TheBeeGame/TheBeeGame/Content/ui/IconWorker.uasset'
[2020.10.21-03.24.52:545][134]Cmd: OBJ SAVEPACKAGE PACKAGE="/Game/ui/iconBasic" FILE="../../../../../../Users/Mita Samanta/Documents/GitHub/Game-Design-3/TheBeeGame/TheBeeGame/Content/ui/iconBasic.uasset" SILENT=true
[2020.10.21-03.24.52:557][134]LogSavePackage: Moving '../../../../../../Users/Mita Samanta/Documents/GitHub/Game-Design-3/TheBeeGame/TheBeeGame/Saved/iconBasic2D6B4FFC4268CF00301B1AA580AA2BEF.tmp' to '../../../../../../Users/Mita Samanta/Documents/GitHub/Game-Design-3/TheBeeGame/TheBeeGame/Content/ui/iconBasic.uasset'
[2020.10.21-03.24.52:564][134]Cmd: OBJ SAVEPACKAGE PACKAGE="/Game/ui/IconNectar" FILE="../../../../../../Users/Mita Samanta/Documents/GitHub/Game-Design-3/TheBeeGame/TheBeeGame/Content/ui/IconNectar.uasset" SILENT=true
[2020.10.21-03.24.52:589][134]LogSavePackage: Moving '../../../../../../Users/Mita Samanta/Documents/GitHub/Game-Design-3/TheBeeGame/TheBeeGame/Saved/IconNectar1CDF584747BE9EE9AB9A83AB3B70772D.tmp' to '../../../../../../Users/Mita Samanta/Documents/GitHub/Game-Design-3/TheBeeGame/TheBeeGame/Content/ui/IconNectar.uasset'
[2020.10.21-03.24.52:595][134]Cmd: OBJ SAVEPACKAGE PACKAGE="/Game/ui/iconPollen" FILE="../../../../../../Users/Mita Samanta/Documents/GitHub/Game-Design-3/TheBeeGame/TheBeeGame/Content/ui/iconPollen.uasset" SILENT=true
[2020.10.21-03.24.52:607][134]LogSavePackage: Moving '../../../../../../Users/Mita Samanta/Documents/GitHub/Game-Design-3/TheBeeGame/TheBeeGame/Saved/iconPollenD7C216C9494DF1704ED4ACB83EED4853.tmp' to '../../../../../../Users/Mita Samanta/Documents/GitHub/Game-Design-3/TheBeeGame/TheBeeGame/Content/ui/iconPollen.uasset'
[2020.10.21-03.24.52:615][134]Cmd: OBJ SAVEPACKAGE PACKAGE="/Game/ui/iconTCCollector" FILE="../../../../../../Users/Mita Samanta/Documents/GitHub/Game-Design-3/TheBeeGame/TheBeeGame/Content/ui/iconTCCollector.uasset" SILENT=true
[2020.10.21-03.24.52:628][134]LogSavePackage: Moving '../../../../../../Users/Mita Samanta/Documents/GitHub/Game-Design-3/TheBeeGame/TheBeeGame/Saved/iconTCCollectorC10135FD45CA9AA9A4830EA6C4FC72C2.tmp' to '../../../../../../Users/Mita Samanta/Documents/GitHub/Game-Design-3/TheBeeGame/TheBeeGame/Content/ui/iconTCCollector.uasset'
[2020.10.21-03.24.52:634][134]Cmd: OBJ SAVEPACKAGE PACKAGE="/Game/ui/iconTCDetonator" FILE="../../../../../../Users/Mita Samanta/Documents/GitHub/Game-Design-3/TheBeeGame/TheBeeGame/Content/ui/iconTCDetonator.uasset" SILENT=true
[2020.10.21-03.24.52:645][134]LogSavePackage: Moving '../../../../../../Users/Mita Samanta/Documents/GitHub/Game-Design-3/TheBeeGame/TheBeeGame/Saved/iconTCDetonatorAF98D17D4E361ECFE9AA1C9E8C064F54.tmp' to '../../../../../../Users/Mita Samanta/Documents/GitHub/Game-Design-3/TheBeeGame/TheBeeGame/Content/ui/iconTCDetonator.uasset'
[2020.10.21-03.24.52:652][134]Cmd: OBJ SAVEPACKAGE PACKAGE="/Game/ui/iconTCStinger" FILE="../../../../../../Users/Mita Samanta/Documents/GitHub/Game-Design-3/TheBeeGame/TheBeeGame/Content/ui/iconTCStinger.uasset" SILENT=true
[2020.10.21-03.24.52:707][134]LogSavePackage: Moving '../../../../../../Users/Mita Samanta/Documents/GitHub/Game-Design-3/TheBeeGame/TheBeeGame/Saved/iconTCStinger5B1B28954B319A803F35F393539F2079.tmp' to '../../../../../../Users/Mita Samanta/Documents/GitHub/Game-Design-3/TheBeeGame/TheBeeGame/Content/ui/iconTCStinger.uasset'
[2020.10.21-03.24.52:775][134]AssetCheck: New page: Asset Save: multiple assets
[2020.10.21-03.24.52:775][134]LogContentValidation: Display: Validating WidgetBlueprint /Game/ui/worker_bee_action_selection_ui.worker_bee_action_selection_ui
[2020.10.21-03.24.52:776][134]LogContentValidation: Display: Validating Texture2D /Game/ui/IconWorker.IconWorker
[2020.10.21-03.24.52:776][134]LogContentValidation: Display: Validating Texture2D /Game/ui/iconBasic.iconBasic
[2020.10.21-03.24.52:776][134]LogContentValidation: Display: Validating Texture2D /Game/ui/IconNectar.IconNectar
[2020.10.21-03.24.52:776][134]LogContentValidation: Display: Validating Texture2D /Game/ui/iconPollen.iconPollen
[2020.10.21-03.24.52:776][134]LogContentValidation: Display: Validating Texture2D /Game/ui/iconTCCollector.iconTCCollector
[2020.10.21-03.24.52:776][134]LogContentValidation: Display: Validating Texture2D /Game/ui/iconTCDetonator.iconTCDetonator
[2020.10.21-03.24.52:776][134]LogContentValidation: Display: Validating Texture2D /Game/ui/iconTCStinger.iconTCStinger
[2020.10.21-03.27.25:165][842]UATHelper: Zip Project Task (Windows): Running AutomationTool...
[2020.10.21-03.27.29:189][854]UATHelper: Zip Project Task (Windows): Parsing command line: ZipProjectUp -nocompileeditor -project="C:/Users/Mita Samanta/Documents/GitHub/Game-Design-3/TheBeeGame/TheBeeGame/" -install=E:/Documents/TheBeeGame/TheBeeGame.zip
[2020.10.21-03.27.32:263][863]UATHelper: Zip Project Task (Windows): Started zipping project up
[2020.10.21-03.27.32:264][863]UATHelper: Zip Project Task (Windows): Project directory: C:\Users\Mita Samanta\Documents\GitHub\Game-Design-3\TheBeeGame\TheBeeGame
[2020.10.21-03.27.32:264][863]UATHelper: Zip Project Task (Windows): Install directory: E:/Documents/TheBeeGame/TheBeeGame.zip
[2020.10.21-03.27.32:264][863]UATHelper: Zip Project Task (Windows): Packaging up the project...
[2020.10.21-03.29.47:381][264]UATHelper: Zip Project Task (Windows): Completed zipping project up
[2020.10.21-03.29.47:381][264]UATHelper: Zip Project Task (Windows): BUILD SUCCESSFUL
[2020.10.21-03.29.47:381][264]UATHelper: Zip Project Task (Windows): AutomationTool exiting with ExitCode=0 (Success)
